nohup: ignoring input
MNIST
bayes
|   iter    |  target   |    b1     |    b2     |    b3     |    b4     |    c1     |    c2     |    c3     |    c4     |
-------------------------------------------------------------------------------------------------------------------------
Epoch~5->loss:0.06277540327608586.
Epoch~10->loss:0.04678992969890435.
| [0m 1       [0m | [0m-0.04679 [0m | [0m 2.121   [0m | [0m 2.398   [0m | [0m 3.192   [0m | [0m 2.941   [0m | [0m 60.61   [0m | [0m 90.39   [0m | [0m 133.7   [0m | [0m 466.8   [0m |
Epoch~5->loss:0.07294492772122224.
Epoch~10->loss:0.048510675318042436.
| [0m 2       [0m | [0m-0.04851 [0m | [0m 3.215   [0m | [0m 3.457   [0m | [0m 6.818   [0m | [0m 2.764   [0m | [0m 37.73   [0m | [0m 127.2   [0m | [0m 197.4   [0m | [0m 499.4   [0m |
Epoch~5->loss:0.06325025812188784.
Epoch~10->loss:0.0449436072876056.
| [95m 3       [0m | [95m-0.04494 [0m | [95m 3.795   [0m | [95m 3.951   [0m | [95m 5.804   [0m | [95m 2.061   [0m | [95m 47.56   [0m | [95m 97.09   [0m | [95m 178.3   [0m | [95m 456.0   [0m |
Epoch~5->loss:0.07160259037911892.
Epoch~10->loss:0.04886327321430047.
| [0m 4       [0m | [0m-0.04886 [0m | [0m 2.22    [0m | [0m 3.764   [0m | [0m 6.85    [0m | [0m 3.525   [0m | [0m 38.82   [0m | [0m 100.3   [0m | [0m 227.1   [0m | [0m 506.8   [0m |
Epoch~5->loss:0.0779580968985955.
Epoch~10->loss:0.05053299436966578.
| [0m 5       [0m | [0m-0.05053 [0m | [0m 3.716   [0m | [0m 4.123   [0m | [0m 6.954   [0m | [0m 3.146   [0m | [0m 56.26   [0m | [0m 120.7   [0m | [0m 182.1   [0m | [0m 294.8   [0m |
Epoch~5->loss:0.09428834737141926.
Epoch~10->loss:0.05972234617471695.
| [0m 6       [0m | [0m-0.05972 [0m | [0m 2.875   [0m | [0m 3.381   [0m | [0m 5.78    [0m | [0m 3.861   [0m | [0m 46.84   [0m | [0m 99.46   [0m | [0m 178.0   [0m | [0m 456.8   [0m |
Epoch~5->loss:0.062469687727093694.
Epoch~10->loss:0.04857675967713197.
| [0m 7       [0m | [0m-0.04858 [0m | [0m 2.642   [0m | [0m 3.962   [0m | [0m 6.539   [0m | [0m 2.223   [0m | [0m 56.6    [0m | [0m 116.7   [0m | [0m 222.9   [0m | [0m 393.4   [0m |
Epoch~5->loss:0.07573271007736523.
Epoch~10->loss:0.05082160869389772.
| [0m 8       [0m | [0m-0.05082 [0m | [0m 2.36    [0m | [0m 2.385   [0m | [0m 6.104   [0m | [0m 3.864   [0m | [0m 35.45   [0m | [0m 123.7   [0m | [0m 251.4   [0m | [0m 478.8   [0m |
Epoch~5->loss:0.08636277778148652.
Epoch~10->loss:0.05715635252396266.
| [0m 9       [0m | [0m-0.05716 [0m | [0m 2.438   [0m | [0m 4.337   [0m | [0m 3.498   [0m | [0m 3.845   [0m | [0m 55.16   [0m | [0m 111.1   [0m | [0m 143.8   [0m | [0m 384.4   [0m |
Epoch~5->loss:0.08286508974830309.
Epoch~10->loss:0.05584517840395371.
| [0m 10      [0m | [0m-0.05585 [0m | [0m 3.804   [0m | [0m 3.203   [0m | [0m 5.847   [0m | [0m 2.238   [0m | [0m 35.76   [0m | [0m 74.78   [0m | [0m 156.3   [0m | [0m 473.3   [0m |
Epoch~5->loss:0.06995756894747417.
Epoch~10->loss:0.048909918970863026.
| [0m 11      [0m | [0m-0.04891 [0m | [0m 3.118   [0m | [0m 2.427   [0m | [0m 6.839   [0m | [0m 2.244   [0m | [0m 58.76   [0m | [0m 115.0   [0m | [0m 234.4   [0m | [0m 378.1   [0m |
Epoch~5->loss:0.07115969600975514.
Epoch~10->loss:0.048607429088652135.
| [0m 12      [0m | [0m-0.04861 [0m | [0m 2.21    [0m | [0m 3.441   [0m | [0m 6.9     [0m | [0m 3.685   [0m | [0m 55.92   [0m | [0m 120.8   [0m | [0m 235.8   [0m | [0m 307.1   [0m |
Epoch~5->loss:0.08461367958585421.
Epoch~10->loss:0.054583747524023056.
| [0m 13      [0m | [0m-0.05458 [0m | [0m 2.172   [0m | [0m 4.36    [0m | [0m 3.254   [0m | [0m 3.191   [0m | [0m 33.58   [0m | [0m 82.48   [0m | [0m 229.6   [0m | [0m 455.3   [0m |
Epoch~5->loss:0.05973183251321316.
Epoch~10->loss:0.04467970084249973.
| [95m 14      [0m | [95m-0.04468 [0m | [95m 2.173   [0m | [95m 4.907   [0m | [95m 3.074   [0m | [95m 2.245   [0m | [95m 63.38   [0m | [95m 69.38   [0m | [95m 171.2   [0m | [95m 363.1   [0m |
Epoch~5->loss:0.10087122783660889.
Epoch~10->loss:0.06307498698234558.
| [0m 15      [0m | [0m-0.06307 [0m | [0m 3.311   [0m | [0m 3.925   [0m | [0m 2.451   [0m | [0m 3.56    [0m | [0m 60.16   [0m | [0m 91.61   [0m | [0m 134.7   [0m | [0m 398.9   [0m |
Epoch~5->loss:0.0724505530744791.
Epoch~10->loss:0.05028515572746595.
| [0m 16      [0m | [0m-0.05029 [0m | [0m 3.248   [0m | [0m 4.326   [0m | [0m 2.784   [0m | [0m 2.425   [0m | [0m 34.67   [0m | [0m 98.87   [0m | [0m 180.3   [0m | [0m 380.6   [0m |
Epoch~5->loss:0.06940860004524389.
Epoch~10->loss:0.04986255165338516.
| [0m 17      [0m | [0m-0.04986 [0m | [0m 2.07    [0m | [0m 2.459   [0m | [0m 6.024   [0m | [0m 3.807   [0m | [0m 63.33   [0m | [0m 82.71   [0m | [0m 151.6   [0m | [0m 364.5   [0m |
Epoch~5->loss:0.06095300226112207.
Epoch~10->loss:0.0446308661510547.
| [95m 18      [0m | [95m-0.04463 [0m | [95m 2.637   [0m | [95m 4.152   [0m | [95m 4.68    [0m | [95m 2.239   [0m | [95m 62.58   [0m | [95m 72.54   [0m | [95m 147.7   [0m | [95m 410.8   [0m |
Epoch~5->loss:0.06094845355401436.
Epoch~10->loss:0.04823816622694333.
| [0m 19      [0m | [0m-0.04824 [0m | [0m 3.497   [0m | [0m 3.384   [0m | [0m 6.077   [0m | [0m 3.272   [0m | [0m 59.72   [0m | [0m 82.5    [0m | [0m 168.2   [0m | [0m 270.0   [0m |
Epoch~5->loss:0.0645876421401898.
Epoch~10->loss:0.047097059762477876.
| [0m 20      [0m | [0m-0.0471  [0m | [0m 3.878   [0m | [0m 4.808   [0m | [0m 6.558   [0m | [0m 2.702   [0m | [0m 55.47   [0m | [0m 95.78   [0m | [0m 246.4   [0m | [0m 363.6   [0m |
Epoch~5->loss:0.08837476367155711.
Epoch~10->loss:0.05622472573419412.
| [0m 21      [0m | [0m-0.05622 [0m | [0m 2.538   [0m | [0m 4.137   [0m | [0m 3.193   [0m | [0m 3.607   [0m | [0m 63.78   [0m | [0m 68.72   [0m | [0m 188.8   [0m | [0m 400.9   [0m |
Epoch~5->loss:0.07155391342838605.
Epoch~10->loss:0.049087946476538975.
| [0m 22      [0m | [0m-0.04909 [0m | [0m 3.215   [0m | [0m 2.069   [0m | [0m 4.72    [0m | [0m 3.382   [0m | [0m 43.75   [0m | [0m 68.26   [0m | [0m 213.3   [0m | [0m 361.6   [0m |
Epoch~5->loss:0.06478853128651778.
Epoch~10->loss:0.04405258643776178.
| [95m 23      [0m | [95m-0.04405 [0m | [95m 2.035   [0m | [95m 4.266   [0m | [95m 5.281   [0m | [95m 2.743   [0m | [95m 33.61   [0m | [95m 119.0   [0m | [95m 184.6   [0m | [95m 467.6   [0m |
Epoch~5->loss:0.06786833498179913.
Epoch~10->loss:0.047949959992120664.
| [0m 24      [0m | [0m-0.04795 [0m | [0m 3.803   [0m | [0m 3.788   [0m | [0m 6.493   [0m | [0m 2.703   [0m | [0m 33.96   [0m | [0m 107.1   [0m | [0m 252.7   [0m | [0m 427.6   [0m |
Epoch~5->loss:0.07062777275443077.
Epoch~10->loss:0.04738018277088801.
| [0m 25      [0m | [0m-0.04738 [0m | [0m 2.124   [0m | [0m 2.102   [0m | [0m 3.061   [0m | [0m 3.659   [0m | [0m 57.25   [0m | [0m 109.1   [0m | [0m 242.4   [0m | [0m 475.4   [0m |
Epoch~5->loss:0.06883419478734334.
Epoch~10->loss:0.05179774565398693.
| [0m 26      [0m | [0m-0.0518  [0m | [0m 3.923   [0m | [0m 3.897   [0m | [0m 2.861   [0m | [0m 3.397   [0m | [0m 62.68   [0m | [0m 71.59   [0m | [0m 155.4   [0m | [0m 320.6   [0m |
Epoch~5->loss:0.08357577579816182.
Epoch~10->loss:0.05668484141031901.
| [0m 27      [0m | [0m-0.05668 [0m | [0m 3.722   [0m | [0m 3.979   [0m | [0m 6.744   [0m | [0m 3.076   [0m | [0m 48.02   [0m | [0m 73.95   [0m | [0m 185.2   [0m | [0m 382.8   [0m |
Epoch~5->loss:0.0702993337482214.
Epoch~10->loss:0.04857165428424875.
| [0m 28      [0m | [0m-0.04857 [0m | [0m 3.515   [0m | [0m 4.363   [0m | [0m 5.553   [0m | [0m 2.942   [0m | [0m 58.45   [0m | [0m 89.45   [0m | [0m 204.1   [0m | [0m 468.2   [0m |
Epoch~5->loss:0.06056239413817724.
Epoch~10->loss:0.04671058855156104.
| [0m 29      [0m | [0m-0.04671 [0m | [0m 2.968   [0m | [0m 4.805   [0m | [0m 4.642   [0m | [0m 2.996   [0m | [0m 58.68   [0m | [0m 124.7   [0m | [0m 153.8   [0m | [0m 350.8   [0m |
Epoch~5->loss:0.06264110646446545.
Epoch~10->loss:0.04558787586241961.
| [0m 30      [0m | [0m-0.04559 [0m | [0m 3.457   [0m | [0m 4.52    [0m | [0m 5.976   [0m | [0m 2.721   [0m | [0m 33.23   [0m | [0m 76.24   [0m | [0m 177.7   [0m | [0m 426.8   [0m |
=========================================================================================================================
time: 8635.140213859006
zoopt
Epoch~5->loss:0.09250596955815951.
Epoch~10->loss:0.06000813112656275.
Epoch~5->loss:0.07278761585950852.
Epoch~10->loss:0.05009580009977023.
Epoch~5->loss:0.06571258971591791.
Epoch~10->loss:0.04719767636060715.
Epoch~5->loss:0.07878890077869097.
Epoch~10->loss:0.05235234805047512.
Epoch~5->loss:0.07014143683314324.
Epoch~10->loss:0.04866987817039092.
Epoch~5->loss:0.07546448830564817.
Epoch~10->loss:0.05484961457749208.
Epoch~5->loss:0.06614009048740069.
Epoch~10->loss:0.04731351651350657.
Epoch~5->loss:0.06481083628833294.
Epoch~10->loss:0.04521311595390241.
Epoch~5->loss:0.06575688200791677.
Epoch~10->loss:0.04881001359224319.
[zoopt] expected remaining running time: 01:40:27
Epoch~5->loss:0.06373962580561637.
Epoch~10->loss:0.04575192789981763.
Epoch~5->loss:0.06827975069085757.
Epoch~10->loss:0.04745259057680766.
Epoch~5->loss:0.07337383282681306.
Epoch~10->loss:0.049995617519815766.
Epoch~5->loss:0.07912784623801708.
Epoch~10->loss:0.055489595658580464.
Epoch~5->loss:0.0685513403604428.
Epoch~10->loss:0.04782619424909353.
Epoch~5->loss:0.07100902178386848.
Epoch~10->loss:0.05158453775942325.
Epoch~5->loss:0.06801969710389773.
Epoch~10->loss:0.051078391151626906.
Epoch~5->loss:0.07204513997336229.
Epoch~10->loss:0.05103099178423484.
Epoch~5->loss:0.07226255495448908.
Epoch~10->loss:0.049868625824650126.
Epoch~5->loss:0.0648641650269429.
Epoch~10->loss:0.04871658995846907.
Epoch~5->loss:0.060441521300872166.
Epoch~10->loss:0.0457645819855233.
Epoch~5->loss:0.07671917195717494.
Epoch~10->loss:0.05135035488059123.
Epoch~5->loss:0.09127402349064748.
Epoch~10->loss:0.058282971089084944.
Epoch~5->loss:0.07801762474775314.
Epoch~10->loss:0.052931336278716726.
Epoch~5->loss:0.07791170086264611.
Epoch~10->loss:0.05544157091081142.
Epoch~5->loss:0.07140001194477082.
Epoch~10->loss:0.04953654908835888.
Epoch~5->loss:0.07933228025933106.
Epoch~10->loss:0.05277097903241714.
Epoch~5->loss:0.06072837065358957.
Epoch~10->loss:0.04658100781987111.
Epoch~5->loss:0.07562382677197456.
Epoch~10->loss:0.05214189843932788.
Epoch~5->loss:0.07651159053842227.
Epoch~10->loss:0.05310783153176308.
Epoch~5->loss:0.07745818195939064.
Epoch~10->loss:0.05318123894135157.
[zoopt] x: [54, 69, 211, 317, 2, 3, 3, 3]
[zoopt] value: 0.04521311595390241
time: 7029.612924062007
rand
Epoch~5->loss:0.07076292054156462.
Epoch~10->loss:0.04958789517780145.
Epoch~5->loss:0.08114024101893107.
Epoch~10->loss:0.0539657356162866.
Epoch~5->loss:0.06280542699694633.
Epoch~10->loss:0.04612009615600109.
Epoch~5->loss:0.06795489155153434.
Epoch~10->loss:0.05067803645133972.
Epoch~5->loss:0.0816314760684967.
Epoch~10->loss:0.05216531368990739.
Epoch~5->loss:0.061448447698851424.
Epoch~10->loss:0.04506620177427928.
Epoch~5->loss:0.05925321558614572.
Epoch~10->loss:0.04367575672020515.
Epoch~5->loss:0.05822047024120887.
Epoch~10->loss:0.043894623926778634.
Epoch~5->loss:0.07877131560444832.
Epoch~10->loss:0.05329437259336313.
Epoch~5->loss:0.0610295728802681.
Epoch~10->loss:0.045180789343516034.
Epoch~5->loss:0.07278531674245993.
Epoch~10->loss:0.04898485935529073.
Epoch~5->loss:0.08540284268458684.
Epoch~10->loss:0.05715986647407214.
Epoch~5->loss:0.060904075927535696.
Epoch~10->loss:0.04564424741168817.
Epoch~5->loss:0.0694217303832372.
Epoch~10->loss:0.049453940430780254.
Epoch~5->loss:0.0642892028739055.
Epoch~10->loss:0.04465244177679221.
Epoch~5->loss:0.05818981200953325.
Epoch~10->loss:0.04584202030499776.
Epoch~5->loss:0.06246468664507071.
Epoch~10->loss:0.04604144079635541.
Epoch~5->loss:0.057506704487403235.
Epoch~10->loss:0.044133478860060374.
Epoch~5->loss:0.08553085204164187.
Epoch~10->loss:0.0587967971354723.
Epoch~5->loss:0.07782041374047598.
Epoch~10->loss:0.05437277468542258.
Epoch~5->loss:0.07086226198673248.
Epoch~10->loss:0.0485809029387931.
Epoch~5->loss:0.07578754908045134.
Epoch~10->loss:0.05280632995565732.
Epoch~5->loss:0.07487917390863101.
Epoch~10->loss:0.05131401579082012.
Epoch~5->loss:0.0910826361020406.
Epoch~10->loss:0.05677268123527368.
Epoch~5->loss:0.06461613184014957.
Epoch~10->loss:0.049227936902145546.
Epoch~5->loss:0.05986375680466493.
Epoch~10->loss:0.04518727282062173.
Epoch~5->loss:0.07574670669486125.
Epoch~10->loss:0.0523593153744936.
Epoch~5->loss:0.07503564674556255.
Epoch~10->loss:0.0509314242914319.
Epoch~5->loss:0.08295919652779897.
Epoch~10->loss:0.05556400839189688.
Epoch~5->loss:0.06291756588617961.
Epoch~10->loss:0.04541152520775795.
time: 7881.364427410997
ga
Epoch~5->loss:0.08159939854542414.
Epoch~10->loss:0.05163827627847592.
Epoch~5->loss:0.07152780730128289.
Epoch~10->loss:0.048909572212894756.
Epoch~5->loss:0.06840222077568373.
Epoch~10->loss:0.049940763487418494.
Epoch~5->loss:0.06416711427470048.
Epoch~10->loss:0.045939078597227734.
Epoch~5->loss:0.0692716924160719.
Epoch~10->loss:0.048095667564868924.
Epoch~5->loss:0.08090888987382253.
Epoch~10->loss:0.05370756907761097.
Epoch~5->loss:0.07651312574545542.
Epoch~10->loss:0.05375613779673974.
Epoch~5->loss:0.0624914758960406.
Epoch~10->loss:0.04431838558713595.
Epoch~5->loss:0.07170522474447887.
Epoch~10->loss:0.05080214658727249.
Epoch~5->loss:0.08588417581518491.
Epoch~10->loss:0.05911679471780856.
Epoch~5->loss:0.0788676312237978.
Epoch~10->loss:0.05491234754025936.
Epoch~5->loss:0.07211278236707051.
Epoch~10->loss:0.049545623882114885.
Epoch~5->loss:0.06079101207057635.
Epoch~10->loss:0.0449478371044.
Epoch~5->loss:0.07849362543225288.
Epoch~10->loss:0.05079983042925596.
Epoch~5->loss:0.07433749877810478.
Epoch~10->loss:0.05011655874749025.
Epoch~5->loss:0.07547211650808652.
Epoch~10->loss:0.05161868059063951.
Epoch~5->loss:0.0858538541595141.
Epoch~10->loss:0.05658292561570803.
Epoch~5->loss:0.07302958119908969.
Epoch~10->loss:0.050618344826002915.
Epoch~5->loss:0.07122409991274277.
Epoch~10->loss:0.04926806477556626.
Epoch~5->loss:0.08070976664026579.
Epoch~10->loss:0.05533024784177542.
Epoch~5->loss:0.08002000543872516.
Epoch~10->loss:0.05227775652334094.
Epoch~5->loss:0.07241833424369494.
Epoch~10->loss:0.04957871561050415.
Epoch~5->loss:0.06799388507107894.
Epoch~10->loss:0.04889640092551708.
Epoch~5->loss:0.05975478135943413.
Epoch~10->loss:0.046655279383560025.
Epoch~5->loss:0.07620027751326561.
Epoch~10->loss:0.0503048886731267.
Epoch~5->loss:0.0664105167845885.
Epoch~10->loss:0.045164079039295514.
Epoch~5->loss:0.07327249827186266.
Epoch~10->loss:0.051715303484598796.
Epoch~5->loss:0.07508754822611809.
Epoch~10->loss:0.05248701402743657.
Epoch~5->loss:0.08039916815161705.
Epoch~10->loss:0.05165459248820941.
Epoch~5->loss:0.061796396885315574.
Epoch~10->loss:0.04654790194928646.
Epoch~5->loss:0.08084845038851102.
Epoch~10->loss:0.052035738662878674.
Epoch~5->loss:0.06280342226425807.
Epoch~10->loss:0.045375626290837925.
Epoch~5->loss:0.05899848732749621.
Epoch~10->loss:0.04506840946227312.
Epoch~5->loss:0.06492939630746841.
Epoch~10->loss:0.04580767882168293.
Epoch~5->loss:0.06658358309268951.
Epoch~10->loss:0.0487131853039066.
Epoch~5->loss:0.0782274220575889.
Epoch~10->loss:0.05219298514574766.
Epoch~5->loss:0.07089063666959604.
Epoch~10->loss:0.05107817325691382.
Epoch~5->loss:0.06753328330715497.
Epoch~10->loss:0.045582420375943185.
Epoch~5->loss:0.06713089177211126.
Epoch~10->loss:0.04872801212544243.
Epoch~5->loss:0.05976439103434483.
Epoch~10->loss:0.04554992827872435.
Epoch~5->loss:0.07019098565975825.
Epoch~10->loss:0.05020017772316933.
Epoch~5->loss:0.075698967897892.
Epoch~10->loss:0.05222834431429704.
Epoch~5->loss:0.06484575760563215.
Epoch~10->loss:0.047047366180519266.
Epoch~5->loss:0.081391996661822.
Epoch~10->loss:0.057089667289455734.
Epoch~5->loss:0.06438384745121002.
Epoch~10->loss:0.04581575234582027.
Epoch~5->loss:0.06930634940465291.
Epoch~10->loss:0.048190568202237286.
Epoch~5->loss:0.07346227323313555.
Epoch~10->loss:0.05353807074328264.
Epoch~5->loss:0.06314406420787176.
Epoch~10->loss:0.048731325987974805.
Epoch~5->loss:0.0739542526046435.
Epoch~10->loss:0.05023865424394607.
Epoch~5->loss:0.06102095900277297.
Epoch~10->loss:0.046953711218635244.
Epoch~5->loss:0.07487118123124042.
Epoch~10->loss:0.05415091256151597.
Epoch~5->loss:0.06821112755835056.
Epoch~10->loss:0.04702705687830846.
Epoch~5->loss:0.06913091194033623.
Epoch~10->loss:0.049842123806476596.
Epoch~5->loss:0.06534072076280911.
Epoch~10->loss:0.04768624650935332.
Epoch~5->loss:0.07735889952778817.
Epoch~10->loss:0.051708962949117025.
Epoch~5->loss:0.064851124193271.
Epoch~10->loss:0.04592402587532997.
Epoch~5->loss:0.06233856794933478.
Epoch~10->loss:0.04627275788038969.
Epoch~5->loss:0.07296465529302756.
Epoch~10->loss:0.05049363912095626.
Epoch~5->loss:0.06267819060559074.
Epoch~10->loss:0.04667602119197448.
Epoch~5->loss:0.06905665336946647.
Epoch~10->loss:0.045711624339222906.
Epoch~5->loss:0.06376663855264585.
Epoch~10->loss:0.04536457222004731.
Epoch~5->loss:0.06727408601442973.
Epoch~10->loss:0.047056733506917955.
Epoch~5->loss:0.06262099511722724.
Epoch~10->loss:0.044400642839074134.
Epoch~5->loss:0.07606903994480768.
Epoch~10->loss:0.05164974809288979.
Epoch~5->loss:0.06318282824854056.
Epoch~10->loss:0.04842874395747979.
Epoch~5->loss:0.06851329200069109.
Epoch~10->loss:0.04817369331518809.
Epoch~5->loss:0.06549745889703433.
Epoch~10->loss:0.048541654564936955.
Epoch~5->loss:0.06493969888289769.
Epoch~10->loss:0.04789203056395054.
Epoch~5->loss:0.05956945436994235.
Epoch~10->loss:0.04708377792735895.
Epoch~5->loss:0.06764526500403881.
Epoch~10->loss:0.047560329775015515.
Epoch~5->loss:0.0640755786061287.
Epoch~10->loss:0.047635859593749046.
Epoch~5->loss:0.06982062837183475.
Epoch~10->loss:0.04957057014256716.
Epoch~5->loss:0.06424621429344018.
Epoch~10->loss:0.04777412380129099.
Epoch~5->loss:0.06529626044432323.
Epoch~10->loss:0.047284509621560576.
Epoch~5->loss:0.059048501242200534.
Epoch~10->loss:0.04730345446169376.
Epoch~5->loss:0.0712200657347838.
Epoch~10->loss:0.04841273616453012.
Epoch~5->loss:0.0701304448992014.
Epoch~10->loss:0.0515437255213658.
Epoch~5->loss:0.06741685868402322.
Epoch~10->loss:0.047934842487176256.
Epoch~5->loss:0.06457773365974426.
Epoch~10->loss:0.048586036724348865.
Epoch~5->loss:0.06379839992672205.
Epoch~10->loss:0.04674504430194696.
Epoch~5->loss:0.07036461901664734.
Epoch~10->loss:0.04861307701369127.
Epoch~5->loss:0.06287633437414963.
Epoch~10->loss:0.04751527573615313.
Epoch~5->loss:0.08160419288525979.
Epoch~10->loss:0.05604232979218165.
Epoch~5->loss:0.07045606430570285.
Epoch~10->loss:0.0501604626322786.
Epoch~5->loss:0.07069071295062701.
Epoch~10->loss:0.050112203994393346.
Epoch~5->loss:0.07067972973187764.
Epoch~10->loss:0.04975710224807262.
Epoch~5->loss:0.06242009393920501.
Epoch~10->loss:0.04728448466261228.
Epoch~5->loss:0.06863341479301453.
Epoch~10->loss:0.04659485756357511.
Epoch~5->loss:0.06656535312930743.
Epoch~10->loss:0.04795708110779524.
Epoch~5->loss:0.06524499936302502.
Epoch~10->loss:0.04638127926339706.
Epoch~5->loss:0.06278849217096964.
Epoch~10->loss:0.04554414786050717.
Epoch~5->loss:0.07680429682532947.
Epoch~10->loss:0.05291850342055162.
Epoch~5->loss:0.06988898338476816.
Epoch~10->loss:0.047685912443200744.
Epoch~5->loss:0.07337592570285002.
Epoch~10->loss:0.04901168370991945.
Epoch~5->loss:0.06296225051631531.
Epoch~10->loss:0.04383837576806545.
Epoch~5->loss:0.06493114536901315.
Epoch~10->loss:0.04852783466478189.
Epoch~5->loss:0.06411506669819356.
Epoch~10->loss:0.04667299385368824.
Epoch~5->loss:0.06178348377197981.
Epoch~10->loss:0.04697947585483392.
Epoch~5->loss:0.07594543476104737.
Epoch~10->loss:0.05105696832636992.
Epoch~5->loss:0.06900611809492112.
Epoch~10->loss:0.04731624864190817.
Epoch~5->loss:0.06652658663094044.
Epoch~10->loss:0.046754696024457615.
time: 30390.697227636992
pso
Epoch~5->loss:0.0850749745329221.
Epoch~10->loss:0.05732665036916733.
Epoch~5->loss:0.07777943646808465.
Epoch~10->loss:0.05210534345805645.
Epoch~5->loss:0.07052333893974622.
Epoch~10->loss:0.05018377828697364.
Epoch~5->loss:0.06610920295615991.
Epoch~10->loss:0.04603264893094699.
Epoch~5->loss:0.08193776061733564.
Epoch~10->loss:0.05460135987202326.
Epoch~5->loss:0.0589446494748195.
Epoch~10->loss:0.042520221837610006.
Epoch~5->loss:0.06999768951336542.
Epoch~10->loss:0.04880257484118144.
Epoch~5->loss:0.07701397537986437.
Epoch~10->loss:0.05359037722448508.
Epoch~5->loss:0.08486958045959472.
Epoch~10->loss:0.05471017015278339.
Epoch~5->loss:0.06273742757836978.
Epoch~10->loss:0.04503630793939034.
Epoch~5->loss:0.06934798436462879.
Epoch~10->loss:0.04873684433797995.
Epoch~5->loss:0.06814988476832708.
Epoch~10->loss:0.048370020837088426.
Epoch~5->loss:0.08186820953985055.
Epoch~10->loss:0.05684034993648529.
Epoch~5->loss:0.0634114023387432.
Epoch~10->loss:0.045239946728448076.
Epoch~5->loss:0.06044049113343159.
Epoch~10->loss:0.04242354241112868.
Epoch~5->loss:0.08384811774492264.
Epoch~10->loss:0.05669730297426383.
Epoch~5->loss:0.08279570878148079.
Epoch~10->loss:0.05387479462424914.
Epoch~5->loss:0.06060120634337266.
Epoch~10->loss:0.04630919101734956.
Epoch~5->loss:0.06268948769470056.
Epoch~10->loss:0.04497670709043741.
Epoch~5->loss:0.08410324269731839.
Epoch~10->loss:0.05327171247551839.
time: 4088.574532581988
nohup: ignoring input
SVHN
Using downloaded and verified file: data/SVHN/train_32x32.mat
Using downloaded and verified file: data/SVHN/test_32x32.mat
bayes
|   iter    |  target   |    b1     |    b2     |    b3     |    b4     |    c1     |    c2     |    c3     |    c4     |
-------------------------------------------------------------------------------------------------------------------------
Epoch~5->loss:0.3075337142587442.
Epoch~10->loss:0.2436014045569066.
| [0m 1       [0m | [0m-0.2436  [0m | [0m 3.392   [0m | [0m 4.509   [0m | [0m 6.295   [0m | [0m 2.071   [0m | [0m 38.06   [0m | [0m 105.7   [0m | [0m 182.3   [0m | [0m 313.2   [0m |
Epoch~5->loss:0.3327852716436257.
Epoch~10->loss:0.2438510005668501.
| [0m 2       [0m | [0m-0.2439  [0m | [0m 3.882   [0m | [0m 3.655   [0m | [0m 6.159   [0m | [0m 3.116   [0m | [0m 58.08   [0m | [0m 68.21   [0m | [0m 253.8   [0m | [0m 358.8   [0m |
Epoch~5->loss:0.38007772347172836.
Epoch~10->loss:0.2517534807438929.
| [0m 3       [0m | [0m-0.2518  [0m | [0m 3.677   [0m | [0m 2.995   [0m | [0m 3.203   [0m | [0m 3.565   [0m | [0m 63.81   [0m | [0m 64.71   [0m | [0m 214.7   [0m | [0m 315.3   [0m |
Epoch~5->loss:0.3007600420609035.
Epoch~10->loss:0.23821616096918827.
| [95m 4       [0m | [95m-0.2382  [0m | [95m 2.928   [0m | [95m 2.791   [0m | [95m 3.49    [0m | [95m 2.774   [0m | [95m 41.37   [0m | [95m 86.65   [0m | [95m 187.4   [0m | [95m 304.4   [0m |
Epoch~5->loss:0.31107481177783625.
Epoch~10->loss:0.2405310164557997.
| [0m 5       [0m | [0m-0.2405  [0m | [0m 2.841   [0m | [0m 4.235   [0m | [0m 4.944   [0m | [0m 3.086   [0m | [0m 55.69   [0m | [0m 112.6   [0m | [0m 143.5   [0m | [0m 334.4   [0m |
Epoch~5->loss:0.3337584424064749.
Epoch~10->loss:0.25107949918493316.
| [0m 6       [0m | [0m-0.2511  [0m | [0m 3.737   [0m | [0m 4.746   [0m | [0m 4.846   [0m | [0m 2.978   [0m | [0m 37.75   [0m | [0m 89.34   [0m | [0m 185.9   [0m | [0m 308.6   [0m |
Epoch~5->loss:0.3102552915591499.
Epoch~10->loss:0.24805752293770691.
| [0m 7       [0m | [0m-0.2481  [0m | [0m 3.259   [0m | [0m 4.526   [0m | [0m 2.849   [0m | [0m 3.412   [0m | [0m 58.38   [0m | [0m 90.98   [0m | [0m 178.7   [0m | [0m 261.5   [0m |
Epoch~5->loss:0.46507425463437035.
Epoch~10->loss:0.26831133535974255.
| [0m 8       [0m | [0m-0.2683  [0m | [0m 2.812   [0m | [0m 3.58    [0m | [0m 5.75    [0m | [0m 2.985   [0m | [0m 45.71   [0m | [0m 66.54   [0m | [0m 166.8   [0m | [0m 426.7   [0m |
Epoch~5->loss:0.31637880343002606.
Epoch~10->loss:0.24274397466050965.
| [0m 9       [0m | [0m-0.2427  [0m | [0m 2.642   [0m | [0m 2.342   [0m | [0m 4.404   [0m | [0m 2.362   [0m | [0m 37.05   [0m | [0m 88.13   [0m | [0m 202.8   [0m | [0m 444.5   [0m |
Epoch~5->loss:0.30939986437051825.
Epoch~10->loss:0.24331675438936767.
| [0m 10      [0m | [0m-0.2433  [0m | [0m 3.602   [0m | [0m 3.995   [0m | [0m 5.601   [0m | [0m 3.376   [0m | [0m 39.97   [0m | [0m 103.7   [0m | [0m 165.3   [0m | [0m 260.3   [0m |
Epoch~5->loss:0.3215367284166837.
Epoch~10->loss:0.23821392723575785.
| [95m 11      [0m | [95m-0.2382  [0m | [95m 3.912   [0m | [95m 4.86    [0m | [95m 5.092   [0m | [95m 2.029   [0m | [95m 33.88   [0m | [95m 114.8   [0m | [95m 167.9   [0m | [95m 341.0   [0m |
Epoch~5->loss:0.333003000136257.
Epoch~10->loss:0.2466162291401338.
| [0m 12      [0m | [0m-0.2466  [0m | [0m 2.123   [0m | [0m 2.485   [0m | [0m 4.951   [0m | [0m 3.971   [0m | [0m 48.11   [0m | [0m 97.78   [0m | [0m 246.5   [0m | [0m 262.8   [0m |
Epoch~5->loss:0.5558997306897023.
Epoch~10->loss:0.27455779833158156.
| [0m 13      [0m | [0m-0.2746  [0m | [0m 2.823   [0m | [0m 2.186   [0m | [0m 6.43    [0m | [0m 3.607   [0m | [0m 43.52   [0m | [0m 91.34   [0m | [0m 203.1   [0m | [0m 438.4   [0m |
Epoch~5->loss:0.33157000208425147.
Epoch~10->loss:0.247304687800338.
| [0m 14      [0m | [0m-0.2473  [0m | [0m 3.049   [0m | [0m 2.923   [0m | [0m 6.358   [0m | [0m 2.391   [0m | [0m 43.34   [0m | [0m 96.31   [0m | [0m 230.5   [0m | [0m 309.6   [0m |
Epoch~5->loss:0.3331180165374087.
Epoch~10->loss:0.247452267606508.
| [0m 15      [0m | [0m-0.2475  [0m | [0m 2.728   [0m | [0m 2.895   [0m | [0m 5.868   [0m | [0m 3.614   [0m | [0m 37.49   [0m | [0m 102.1   [0m | [0m 211.9   [0m | [0m 372.2   [0m |
Epoch~5->loss:0.36495433593075566.
Epoch~10->loss:0.2631964862333631.
| [0m 16      [0m | [0m-0.2632  [0m | [0m 3.549   [0m | [0m 3.679   [0m | [0m 2.502   [0m | [0m 2.189   [0m | [0m 43.93   [0m | [0m 80.57   [0m | [0m 135.8   [0m | [0m 407.2   [0m |
Epoch~5->loss:0.30262236354369987.
Epoch~10->loss:0.24074990131287516.
| [0m 17      [0m | [0m-0.2407  [0m | [0m 2.875   [0m | [0m 3.142   [0m | [0m 4.758   [0m | [0m 2.035   [0m | [0m 34.41   [0m | [0m 98.23   [0m | [0m 143.8   [0m | [0m 429.2   [0m |
Epoch~5->loss:1.641103652825345.
Epoch~10->loss:0.2814316782138596.
| [0m 18      [0m | [0m-0.2814  [0m | [0m 3.374   [0m | [0m 4.394   [0m | [0m 4.444   [0m | [0m 3.626   [0m | [0m 64.44   [0m | [0m 91.9    [0m | [0m 151.4   [0m | [0m 413.9   [0m |
Epoch~5->loss:0.2987613290479572.
Epoch~10->loss:0.23682794672855362.
| [95m 19      [0m | [95m-0.2368  [0m | [95m 3.07    [0m | [95m 3.304   [0m | [95m 4.813   [0m | [95m 2.598   [0m | [95m 44.1    [0m | [95m 79.51   [0m | [95m 252.5   [0m | [95m 338.2   [0m |
Epoch~5->loss:0.3853984741968232.
Epoch~10->loss:0.25231013534268226.
| [0m 20      [0m | [0m-0.2523  [0m | [0m 2.748   [0m | [0m 2.087   [0m | [0m 6.177   [0m | [0m 2.625   [0m | [0m 52.79   [0m | [0m 78.6    [0m | [0m 196.9   [0m | [0m 504.9   [0m |
Epoch~5->loss:0.3117762462808572.
Epoch~10->loss:0.2442298004337882.
| [0m 21      [0m | [0m-0.2442  [0m | [0m 3.72    [0m | [0m 2.513   [0m | [0m 4.604   [0m | [0m 2.638   [0m | [0m 58.91   [0m | [0m 118.8   [0m | [0m 135.7   [0m | [0m 447.1   [0m |
Epoch~5->loss:0.33062926072662446.
Epoch~10->loss:0.24331051561488323.
| [0m 22      [0m | [0m-0.2433  [0m | [0m 2.673   [0m | [0m 4.449   [0m | [0m 6.929   [0m | [0m 2.15    [0m | [0m 61.23   [0m | [0m 89.95   [0m | [0m 183.7   [0m | [0m 449.5   [0m |
Epoch~5->loss:0.8747369483440168.
Epoch~10->loss:0.28611906961407807.
| [0m 23      [0m | [0m-0.2861  [0m | [0m 2.336   [0m | [0m 2.406   [0m | [0m 2.016   [0m | [0m 3.499   [0m | [0m 48.64   [0m | [0m 87.68   [0m | [0m 173.0   [0m | [0m 358.0   [0m |
Epoch~5->loss:0.31430916440369416.
Epoch~10->loss:0.24396583917111442.
| [0m 24      [0m | [0m-0.244   [0m | [0m 2.572   [0m | [0m 4.448   [0m | [0m 3.987   [0m | [0m 2.538   [0m | [0m 62.21   [0m | [0m 91.51   [0m | [0m 205.5   [0m | [0m 499.2   [0m |
Epoch~5->loss:0.34321870456954917.
Epoch~10->loss:0.2536013283496869.
| [0m 25      [0m | [0m-0.2536  [0m | [0m 2.558   [0m | [0m 4.898   [0m | [0m 5.428   [0m | [0m 2.721   [0m | [0m 52.23   [0m | [0m 84.28   [0m | [0m 170.1   [0m | [0m 460.4   [0m |
Epoch~5->loss:0.34108245844437896.
Epoch~10->loss:0.2554872595358063.
| [0m 26      [0m | [0m-0.2555  [0m | [0m 2.966   [0m | [0m 2.29    [0m | [0m 4.663   [0m | [0m 2.403   [0m | [0m 58.76   [0m | [0m 104.2   [0m | [0m 137.3   [0m | [0m 447.4   [0m |
Epoch~5->loss:0.3206992998591271.
Epoch~10->loss:0.24480904622697902.
| [0m 27      [0m | [0m-0.2448  [0m | [0m 3.756   [0m | [0m 3.454   [0m | [0m 4.387   [0m | [0m 3.921   [0m | [0m 39.72   [0m | [0m 68.81   [0m | [0m 211.5   [0m | [0m 332.2   [0m |
Epoch~5->loss:0.33779887219581695.
Epoch~10->loss:0.24680168179796597.
| [0m 28      [0m | [0m-0.2468  [0m | [0m 3.939   [0m | [0m 3.673   [0m | [0m 2.82    [0m | [0m 2.72    [0m | [0m 51.17   [0m | [0m 118.3   [0m | [0m 208.5   [0m | [0m 463.6   [0m |
Epoch~5->loss:0.33193690825569977.
Epoch~10->loss:0.2556099748494937.
| [0m 29      [0m | [0m-0.2556  [0m | [0m 2.486   [0m | [0m 2.05    [0m | [0m 2.728   [0m | [0m 3.931   [0m | [0m 43.21   [0m | [0m 122.1   [0m | [0m 148.2   [0m | [0m 333.6   [0m |
Epoch~5->loss:0.33873660710356635.
Epoch~10->loss:0.2529656059056208.
| [0m 30      [0m | [0m-0.253   [0m | [0m 2.747   [0m | [0m 4.775   [0m | [0m 3.57    [0m | [0m 2.463   [0m | [0m 51.36   [0m | [0m 72.61   [0m | [0m 133.4   [0m | [0m 493.6   [0m |
=========================================================================================================================
time: 15924.98623787798
zoopt
Epoch~5->loss:0.3129467718937943.
Epoch~10->loss:0.24603521500828274.
Epoch~5->loss:0.30915198662859145.
Epoch~10->loss:0.2404457519573416.
Epoch~5->loss:0.3296102969554627.
Epoch~10->loss:0.24211622549447137.
Epoch~5->loss:0.30174657296847673.
Epoch~10->loss:0.2415566267085013.
Epoch~5->loss:0.32558708678075304.
Epoch~10->loss:0.2459644246951956.
Epoch~5->loss:0.3258680185356716.
Epoch~10->loss:0.25181526379962826.
Epoch~5->loss:0.4054373441594599.
Epoch~10->loss:0.26810229092261545.
Epoch~5->loss:0.3022220897076862.
Epoch~10->loss:0.23588003420342568.
Epoch~5->loss:0.32479161814664537.
Epoch~10->loss:0.2443608135059825.
[zoopt] expected remaining running time: 04:15:02
Epoch~5->loss:0.30458216363415924.
Epoch~10->loss:0.23853022276989871.
Epoch~5->loss:0.31498855761783456.
Epoch~10->loss:0.24129243040913284.
Epoch~5->loss:0.36743769706636437.
Epoch~10->loss:0.2611047129771997.
Epoch~5->loss:0.2923915597054118.
Epoch~10->loss:0.23840285352620624.
Epoch~5->loss:0.31586934802336336.
Epoch~10->loss:0.24204607155699678.
Epoch~5->loss:0.38606317997424633.
Epoch~10->loss:0.25368688685596597.
Epoch~5->loss:0.28565645774504944.
Epoch~10->loss:0.23352687896703156.
Epoch~5->loss:0.2967083242301548.
Epoch~10->loss:0.23748929754727655.
Epoch~5->loss:0.3066953712606765.
Epoch~10->loss:0.23987077928636405.
Epoch~5->loss:0.30316558708284674.
Epoch~10->loss:0.23839286400514584.
Epoch~5->loss:0.3166992170491721.
Epoch~10->loss:0.24384809483512868.
Epoch~5->loss:0.33649966267042447.
Epoch~10->loss:0.24172052158832041.
Epoch~5->loss:0.30155925034072345.
Epoch~10->loss:0.23966879064069815.
Epoch~5->loss:0.34796040969503594.
Epoch~10->loss:0.2484363966351318.
Epoch~5->loss:0.2980853032507315.
Epoch~10->loss:0.23897121331216153.
Epoch~5->loss:0.5750919518899779.
Epoch~10->loss:0.2609516057567895.
Epoch~5->loss:0.3041311361937395.
Epoch~10->loss:0.24536106240633904.
Epoch~5->loss:0.2989777992863502.
Epoch~10->loss:0.23718768653499653.
Epoch~5->loss:0.3205028723560283.
Epoch~10->loss:0.2351839136127491.
Epoch~5->loss:1.5033310995443396.
Epoch~10->loss:0.2703772125144291.
Epoch~5->loss:0.3022088835206767.
Epoch~10->loss:0.2382009316407204.
[zoopt] x: [62, 107, 230, 341, 2, 3, 3, 2]
[zoopt] value: 0.23352687896703156
time: 16739.484293048998
rand
Epoch~5->loss:0.5314929847580953.
Epoch~10->loss:0.2811487847812893.
Epoch~5->loss:0.33318102354320356.
Epoch~10->loss:0.24875755224431378.
Epoch~5->loss:0.37223526672063173.
Epoch~10->loss:0.2516525257457892.
Epoch~5->loss:0.49666214042632434.
Epoch~10->loss:0.26664099785365497.
Epoch~5->loss:0.2970098994452311.
Epoch~10->loss:0.2360195028291593.
Epoch~5->loss:0.321366485589513.
Epoch~10->loss:0.24589116904512692.
Epoch~5->loss:0.4078699178293058.
Epoch~10->loss:0.2533657030246474.
Epoch~5->loss:1.2788750859300628.
Epoch~10->loss:0.27850218680559036.
Epoch~5->loss:0.363059752227757.
Epoch~10->loss:0.25848291166692106.
Epoch~5->loss:0.3215731695046831.
Epoch~10->loss:0.24523788648949457.
Epoch~5->loss:1.0339488482653305.
Epoch~10->loss:0.2721278831784392.
Epoch~5->loss:0.3908468052055918.
Epoch~10->loss:0.25400309657545106.
Epoch~5->loss:0.31772818443135886.
Epoch~10->loss:0.2440709206269603.
Epoch~5->loss:0.36891923132128845.
Epoch~10->loss:0.2617270933846554.
Epoch~5->loss:0.3200758939652995.
Epoch~10->loss:0.25493410975727515.
Epoch~5->loss:0.3130211972944752.
Epoch~10->loss:0.24707052419343387.
Epoch~5->loss:0.307443195528509.
Epoch~10->loss:0.23835224917221465.
Epoch~5->loss:0.3696680877359298.
Epoch~10->loss:0.265359118035681.
Epoch~5->loss:0.7614589816363025.
Epoch~10->loss:0.2664845096078355.
Epoch~5->loss:0.36731201938303654.
Epoch~10->loss:0.2565337549232188.
Epoch~5->loss:0.3230496397221126.
Epoch~10->loss:0.25390830212892274.
Epoch~5->loss:0.3287642462844239.
Epoch~10->loss:0.250175401322084.
Epoch~5->loss:0.2982278260533034.
Epoch~10->loss:0.23887467842497673.
Epoch~5->loss:2.237828827487512.
Epoch~10->loss:0.3168728827717429.
Epoch~5->loss:0.32372674731410594.
Epoch~10->loss:0.25348298435409256.
Epoch~5->loss:0.36682055052350765.
Epoch~10->loss:0.256298679965592.
Epoch~5->loss:0.3519934547244131.
Epoch~10->loss:0.2516710088286527.
Epoch~5->loss:0.3480779979710712.
Epoch~10->loss:0.25269376859684184.
Epoch~5->loss:0.3088754307831226.
Epoch~10->loss:0.2451678966812207.
Epoch~5->loss:0.3435087729170315.
Epoch~10->loss:0.2488754089481179.
time: 15076.071313249005
ga
Epoch~5->loss:0.33109599477813684.
Epoch~10->loss:0.2485864278935588.
Epoch~5->loss:2.036490638951538.
Epoch~10->loss:0.29791915743535385.
Epoch~5->loss:2.238678620153438.
Epoch~10->loss:0.30514135569472756.
Epoch~5->loss:0.3950965521243075.
Epoch~10->loss:0.26092425336454644.
Epoch~5->loss:0.4426899456864911.
Epoch~10->loss:0.26359775856556095.
Epoch~5->loss:0.30014194874215616.
Epoch~10->loss:0.23977340383675272.
Epoch~5->loss:0.320870973656664.
Epoch~10->loss:0.2429251832395305.
Epoch~5->loss:0.35317864832757107.
Epoch~10->loss:0.2524374884738089.
Epoch~5->loss:0.31572678152459116.
Epoch~10->loss:0.2456220972789327.
Epoch~5->loss:0.3163610393989258.
Epoch~10->loss:0.2474819788741091.
Epoch~5->loss:0.31751103889984966.
Epoch~10->loss:0.24453396348040052.
Epoch~5->loss:0.29737585650829346.
Epoch~10->loss:0.2413779816714952.
Epoch~5->loss:0.32089152589503606.
Epoch~10->loss:0.2512814930753066.
Epoch~5->loss:0.3058929224864135.
Epoch~10->loss:0.2416787594851752.
Epoch~5->loss:0.5221458177203028.
Epoch~10->loss:0.2660767428891926.
Epoch~5->loss:0.3389630030124075.
Epoch~10->loss:0.25424981347548636.
Epoch~5->loss:0.30806198305968274.
Epoch~10->loss:0.24966024942587778.
Epoch~5->loss:0.294382894968084.
Epoch~10->loss:0.2417016928484339.
Epoch~5->loss:0.3061488393919896.
Epoch~10->loss:0.2406999394131821.
Epoch~5->loss:0.30482440907054276.
Epoch~10->loss:0.24115470266240296.
Epoch~5->loss:0.29076683441778367.
Epoch~10->loss:0.23745955980818167.
Epoch~5->loss:0.3004204112239182.
Epoch~10->loss:0.23804177563181705.
Epoch~5->loss:0.30525157369212225.
Epoch~10->loss:0.24533440672672877.
Epoch~5->loss:0.3089245502689569.
Epoch~10->loss:0.24298356317736008.
Epoch~5->loss:0.33290028892391277.
Epoch~10->loss:0.2513179717790913.
Epoch~5->loss:0.3037614617196446.
Epoch~10->loss:0.24351624210649522.
Epoch~5->loss:0.313766775226649.
Epoch~10->loss:0.24436855297041626.
Epoch~5->loss:0.29029095056003046.
Epoch~10->loss:0.2345970687663843.
Epoch~5->loss:0.2893491948032668.
Epoch~10->loss:0.23793296606255387.
time: 15259.137115579972
pso
Epoch~5->loss:0.4020158782313939.
Epoch~10->loss:0.26526636731503045.
Epoch~5->loss:2.2390469908234247.
Epoch~10->loss:0.32905857511914227.
Epoch~5->loss:0.3200113273410433.
Epoch~10->loss:0.24119531505462496.
Epoch~5->loss:0.368236474489107.
Epoch~10->loss:0.24876583839567099.
Epoch~5->loss:0.29510296887565596.
Epoch~10->loss:0.24006616740555162.
Epoch~5->loss:1.1748596840443284.
Epoch~10->loss:0.2777791454866731.
Epoch~5->loss:0.2890779703738758.
Epoch~10->loss:0.23290401657046483.
Epoch~5->loss:0.30384279577479567.
Epoch~10->loss:0.2362178771331578.
Epoch~5->loss:0.3069238002273868.
Epoch~10->loss:0.24221389831009085.
Epoch~5->loss:0.3103483269043465.
Epoch~10->loss:0.24035408658868196.
Epoch~5->loss:0.291602133874883.
Epoch~10->loss:0.2330665270382915.
Epoch~5->loss:0.297006789412583.
Epoch~10->loss:0.2333449593896318.
Epoch~5->loss:0.2849056373505689.
Epoch~10->loss:0.23714266981784765.
Epoch~5->loss:0.303710719535048.
Epoch~10->loss:0.23544931762888782.
Epoch~5->loss:0.31571038361348774.
Epoch~10->loss:0.2460219778993856.
Epoch~5->loss:0.28769185577127304.
Epoch~10->loss:0.23324401800246358.
Epoch~5->loss:0.2917316554125842.
Epoch~10->loss:0.23489735252633587.
Epoch~5->loss:0.3379075676046149.
Epoch~10->loss:0.24680241869219005.
Epoch~5->loss:0.3251512371738851.
Epoch~10->loss:0.2460182312512036.
Epoch~5->loss:0.2849998373350051.
Epoch~10->loss:0.22979571265081974.
Epoch~5->loss:0.2942927825967069.
Epoch~10->loss:0.23428719752442526.
Epoch~5->loss:0.3038204459259326.
Epoch~10->loss:0.23529993623384446.
Epoch~5->loss:0.2962801641284437.
Epoch~10->loss:0.23847035151766505.
Epoch~5->loss:0.2949700536758392.
Epoch~10->loss:0.22970883013923626.
Epoch~5->loss:0.2816620568430329.
Epoch~10->loss:0.23064111693240205.
Epoch~5->loss:0.2828364790857724.
Epoch~10->loss:0.2289484097904985.
Epoch~5->loss:0.284172706519052.
Epoch~10->loss:0.23426689277424986.
Epoch~5->loss:0.3023550911135184.
Epoch~10->loss:0.23408015032538518.
Epoch~5->loss:0.2945160999224315.
Epoch~10->loss:0.2335182204682891.
Epoch~5->loss:0.2924175737332752.
Epoch~10->loss:0.23337427651982087.
Epoch~5->loss:0.30022992065367904.
Epoch~10->loss:0.2358764125955683.
Epoch~5->loss:0.2924341488916539.
Epoch~10->loss:0.23860292357632773.
time: 17151.494262528024
cifar-10-batches-py
Files already downloaded and verified
Files already downloaded and verified
bayes
|   iter    |  target   |    b1     |    b2     |    b3     |    b4     |    c1     |    c2     |    c3     |    c4     |
-------------------------------------------------------------------------------------------------------------------------
Epoch~5->loss:0.8366139080429077.
Epoch~10->loss:0.4580349075126648.
| [0m 1       [0m | [0m-0.458   [0m | [0m 2.907   [0m | [0m 4.657   [0m | [0m 6.589   [0m | [0m 3.283   [0m | [0m 61.08   [0m | [0m 90.65   [0m | [0m 207.9   [0m | [0m 387.8   [0m |
Epoch~5->loss:0.8036126379585267.
Epoch~10->loss:0.44082830698013303.
| [95m 2       [0m | [95m-0.4408  [0m | [95m 3.657   [0m | [95m 4.699   [0m | [95m 5.546   [0m | [95m 2.719   [0m | [95m 60.48   [0m | [95m 90.73   [0m | [95m 185.7   [0m | [95m 444.2   [0m |
Epoch~5->loss:0.9644077453422546.
Epoch~10->loss:0.5206710724639892.
| [0m 3       [0m | [0m-0.5207  [0m | [0m 2.49    [0m | [0m 3.582   [0m | [0m 5.762   [0m | [0m 2.441   [0m | [0m 35.61   [0m | [0m 73.27   [0m | [0m 151.8   [0m | [0m 497.7   [0m |
Epoch~5->loss:0.8095681927871704.
Epoch~10->loss:0.45785412843704226.
| [0m 4       [0m | [0m-0.4579  [0m | [0m 2.029   [0m | [0m 3.954   [0m | [0m 6.875   [0m | [0m 2.297   [0m | [0m 50.79   [0m | [0m 80.52   [0m | [0m 256.4   [0m | [0m 483.0   [0m |
Epoch~5->loss:1.0553614679718017.
Epoch~10->loss:0.6279311507034302.
| [0m 5       [0m | [0m-0.6279  [0m | [0m 2.093   [0m | [0m 3.918   [0m | [0m 5.883   [0m | [0m 3.665   [0m | [0m 48.44   [0m | [0m 110.9   [0m | [0m 183.8   [0m | [0m 472.5   [0m |
Epoch~5->loss:0.8111833048629761.
Epoch~10->loss:0.4549784511756897.
| [0m 6       [0m | [0m-0.455   [0m | [0m 3.166   [0m | [0m 4.608   [0m | [0m 4.696   [0m | [0m 2.717   [0m | [0m 60.74   [0m | [0m 90.5    [0m | [0m 205.4   [0m | [0m 385.7   [0m |
Epoch~5->loss:0.8660457107162476.
Epoch~10->loss:0.48131534307479856.
| [0m 7       [0m | [0m-0.4813  [0m | [0m 3.99    [0m | [0m 4.874   [0m | [0m 2.835   [0m | [0m 2.0     [0m | [0m 63.79   [0m | [0m 84.08   [0m | [0m 187.7   [0m | [0m 418.8   [0m |
Epoch~5->loss:0.7989919716835022.
Epoch~10->loss:0.4638710557937622.
| [0m 8       [0m | [0m-0.4639  [0m | [0m 3.99    [0m | [0m 4.99    [0m | [0m 6.99    [0m | [0m 2.655   [0m | [0m 64.99   [0m | [0m 66.9    [0m | [0m 190.9   [0m | [0m 448.0   [0m |
Epoch~5->loss:0.7578767238998413.
Epoch~10->loss:0.4342764401626587.
| [95m 9       [0m | [95m-0.4343  [0m | [95m 3.941   [0m | [95m 4.771   [0m | [95m 6.99    [0m | [95m 2.0     [0m | [95m 64.99   [0m | [95m 88.51   [0m | [95m 214.8   [0m | [95m 440.0   [0m |
Epoch~5->loss:1.153894066543579.
Epoch~10->loss:0.6782849287033081.
| [0m 10      [0m | [0m-0.6783  [0m | [0m 3.99    [0m | [0m 3.247   [0m | [0m 6.572   [0m | [0m 2.0     [0m | [0m 58.79   [0m | [0m 72.38   [0m | [0m 240.0   [0m | [0m 447.2   [0m |
Epoch~5->loss:1.038251590690613.
Epoch~10->loss:0.5935549211120605.
| [0m 11      [0m | [0m-0.5936  [0m | [0m 3.99    [0m | [0m 4.99    [0m | [0m 6.99    [0m | [0m 3.99    [0m | [0m 64.99   [0m | [0m 102.9   [0m | [0m 202.8   [0m | [0m 433.0   [0m |
Epoch~5->loss:0.8126884218215943.
Epoch~10->loss:0.4618906692314148.
| [0m 12      [0m | [0m-0.4619  [0m | [0m 2.171   [0m | [0m 3.15    [0m | [0m 2.188   [0m | [0m 2.156   [0m | [0m 63.81   [0m | [0m 83.59   [0m | [0m 197.1   [0m | [0m 446.4   [0m |
Epoch~5->loss:0.8606359775543213.
Epoch~10->loss:0.47925904296875.
| [0m 13      [0m | [0m-0.4793  [0m | [0m 2.529   [0m | [0m 4.236   [0m | [0m 2.201   [0m | [0m 2.516   [0m | [0m 58.12   [0m | [0m 76.96   [0m | [0m 176.7   [0m | [0m 447.4   [0m |
Epoch~5->loss:0.8865915220260621.
Epoch~10->loss:0.4947868867301941.
| [0m 14      [0m | [0m-0.4948  [0m | [0m 3.99    [0m | [0m 4.99    [0m | [0m 6.99    [0m | [0m 2.0     [0m | [0m 50.62   [0m | [0m 78.64   [0m | [0m 192.8   [0m | [0m 437.3   [0m |
Epoch~5->loss:0.7018012326049805.
Epoch~10->loss:0.41173690519332884.
| [95m 15      [0m | [95m-0.4117  [0m | [95m 2.072   [0m | [95m 3.764   [0m | [95m 6.77    [0m | [95m 2.959   [0m | [95m 60.98   [0m | [95m 96.29   [0m | [95m 168.1   [0m | [95m 440.0   [0m |
Epoch~5->loss:1.0020428207206726.
Epoch~10->loss:0.6010649044227601.
| [0m 16      [0m | [0m-0.6011  [0m | [0m 3.739   [0m | [0m 4.071   [0m | [0m 3.428   [0m | [0m 3.441   [0m | [0m 63.48   [0m | [0m 89.58   [0m | [0m 159.9   [0m | [0m 428.1   [0m |
Epoch~5->loss:0.9847252350997925.
Epoch~10->loss:0.5760500013351441.
| [0m 17      [0m | [0m-0.5761  [0m | [0m 2.0     [0m | [0m 2.493   [0m | [0m 6.99    [0m | [0m 2.0     [0m | [0m 62.85   [0m | [0m 95.97   [0m | [0m 173.7   [0m | [0m 448.5   [0m |
Epoch~5->loss:1.2463725344467163.
Epoch~10->loss:0.7586157662773132.
| [0m 18      [0m | [0m-0.7586  [0m | [0m 2.682   [0m | [0m 2.726   [0m | [0m 4.746   [0m | [0m 3.553   [0m | [0m 62.59   [0m | [0m 96.28   [0m | [0m 170.0   [0m | [0m 436.4   [0m |
Epoch~5->loss:0.6875965422248841.
Epoch~10->loss:0.40509233102798464.
| [95m 19      [0m | [95m-0.4051  [0m | [95m 2.6     [0m | [95m 3.619   [0m | [95m 3.376   [0m | [95m 2.343   [0m | [95m 64.81   [0m | [95m 80.27   [0m | [95m 186.4   [0m | [95m 421.9   [0m |
Epoch~5->loss:0.7634470433235169.
Epoch~10->loss:0.4387408858394623.
| [0m 20      [0m | [0m-0.4387  [0m | [0m 3.668   [0m | [0m 4.946   [0m | [0m 3.036   [0m | [0m 2.881   [0m | [0m 63.79   [0m | [0m 83.57   [0m | [0m 190.3   [0m | [0m 418.5   [0m |
Epoch~5->loss:0.8115665481758118.
Epoch~10->loss:0.4535584765625.
| [0m 21      [0m | [0m-0.4536  [0m | [0m 3.271   [0m | [0m 3.659   [0m | [0m 5.288   [0m | [0m 2.383   [0m | [0m 62.14   [0m | [0m 86.96   [0m | [0m 214.6   [0m | [0m 435.8   [0m |
Epoch~5->loss:0.6861850231933594.
Epoch~10->loss:0.41230995502471923.
| [0m 22      [0m | [0m-0.4123  [0m | [0m 2.494   [0m | [0m 2.405   [0m | [0m 6.432   [0m | [0m 2.611   [0m | [0m 60.34   [0m | [0m 91.22   [0m | [0m 204.4   [0m | [0m 384.7   [0m |
Epoch~5->loss:0.9272244567871094.
Epoch~10->loss:0.5156115786552429.
| [0m 23      [0m | [0m-0.5156  [0m | [0m 2.713   [0m | [0m 4.13    [0m | [0m 4.466   [0m | [0m 2.585   [0m | [0m 62.85   [0m | [0m 90.57   [0m | [0m 184.9   [0m | [0m 444.7   [0m |
Epoch~5->loss:0.9060490663528442.
Epoch~10->loss:0.5097500706481933.
| [0m 24      [0m | [0m-0.5098  [0m | [0m 2.46    [0m | [0m 2.186   [0m | [0m 3.051   [0m | [0m 2.796   [0m | [0m 50.15   [0m | [0m 79.07   [0m | [0m 254.9   [0m | [0m 483.7   [0m |
Epoch~5->loss:0.703996827468872.
Epoch~10->loss:0.41225600313186644.
| [0m 25      [0m | [0m-0.4123  [0m | [0m 2.664   [0m | [0m 4.205   [0m | [0m 6.929   [0m | [0m 2.855   [0m | [0m 58.39   [0m | [0m 94.25   [0m | [0m 204.4   [0m | [0m 383.9   [0m |
Epoch~5->loss:0.968350428199768.
Epoch~10->loss:0.5113366552925109.
| [0m 26      [0m | [0m-0.5113  [0m | [0m 3.113   [0m | [0m 3.742   [0m | [0m 5.393   [0m | [0m 3.742   [0m | [0m 61.66   [0m | [0m 96.63   [0m | [0m 206.2   [0m | [0m 385.7   [0m |
Epoch~5->loss:0.9980277253723144.
Epoch~10->loss:0.5634905416297913.
| [0m 27      [0m | [0m-0.5635  [0m | [0m 2.817   [0m | [0m 3.833   [0m | [0m 5.412   [0m | [0m 3.671   [0m | [0m 60.08   [0m | [0m 89.38   [0m | [0m 214.1   [0m | [0m 435.8   [0m |
Epoch~5->loss:0.9770167383003235.
Epoch~10->loss:0.5399559218215942.
| [0m 28      [0m | [0m-0.54    [0m | [0m 3.712   [0m | [0m 4.423   [0m | [0m 2.904   [0m | [0m 3.372   [0m | [0m 59.26   [0m | [0m 92.12   [0m | [0m 203.6   [0m | [0m 382.1   [0m |
Epoch~5->loss:0.7623227677154542.
Epoch~10->loss:0.4279684772396088.
| [0m 29      [0m | [0m-0.428   [0m | [0m 2.302   [0m | [0m 4.21    [0m | [0m 5.669   [0m | [0m 2.34    [0m | [0m 60.32   [0m | [0m 90.34   [0m | [0m 210.1   [0m | [0m 390.7   [0m |
Epoch~5->loss:0.9011391016769409.
Epoch~10->loss:0.5256861693954468.
| [0m 30      [0m | [0m-0.5257  [0m | [0m 2.759   [0m | [0m 3.569   [0m | [0m 3.936   [0m | [0m 3.497   [0m | [0m 60.77   [0m | [0m 87.6    [0m | [0m 208.2   [0m | [0m 391.8   [0m |
=========================================================================================================================
time: 12088.736363128992
zoopt
Epoch~5->loss:0.655491464920044.
Epoch~10->loss:0.3998474291419983.
Epoch~5->loss:0.7154672580718994.
Epoch~10->loss:0.41802020875930784.
Epoch~5->loss:0.9666666122245788.
Epoch~10->loss:0.5410433106422424.
Epoch~5->loss:0.8592647879219055.
Epoch~10->loss:0.46168025851249694.
Epoch~5->loss:0.686156886882782.
Epoch~10->loss:0.4099994305610657.
Epoch~5->loss:0.8523981289672852.
Epoch~10->loss:0.4889496306228638.
Epoch~5->loss:0.7966313774299622.
Epoch~10->loss:0.4586443254852295.
Epoch~5->loss:0.6991544617652893.
Epoch~10->loss:0.414043627910614.
Epoch~5->loss:0.7029270356750489.
Epoch~10->loss:0.4233477918052673.
[zoopt] expected remaining running time: 02:06:12
Epoch~5->loss:0.782965168914795.
Epoch~10->loss:0.459370555934906.
Epoch~5->loss:0.9310776899528503.
Epoch~10->loss:0.49366848972320554.
Epoch~5->loss:0.6680196867179871.
Epoch~10->loss:0.4122117368030548.
Epoch~5->loss:0.7347117537117004.
Epoch~10->loss:0.428298063955307.
Epoch~5->loss:0.6613044860839844.
Epoch~10->loss:0.4062856745529175.
Epoch~5->loss:0.6679585647583007.
Epoch~10->loss:0.40668092184066773.
Epoch~5->loss:0.7309005704879761.
Epoch~10->loss:0.4191244504737854.
Epoch~5->loss:0.7585307126045227.
Epoch~10->loss:0.4390299670791626.
Epoch~5->loss:0.6248081905174255.
Epoch~10->loss:0.3887374530982971.
Epoch~5->loss:0.6625465541648865.
Epoch~10->loss:0.3909649853897095.
Epoch~5->loss:0.8125996723365784.
Epoch~10->loss:0.47162786299705506.
Epoch~5->loss:0.6690790587997436.
Epoch~10->loss:0.40588830423355104.
Epoch~5->loss:0.6533478204536438.
Epoch~10->loss:0.40890140574455264.
Epoch~5->loss:0.7733161346817017.
Epoch~10->loss:0.4507138497543335.
Epoch~5->loss:0.7407733999061584.
Epoch~10->loss:0.4277660512161255.
Epoch~5->loss:1.0071915627670287.
Epoch~10->loss:0.5935801355552673.
Epoch~5->loss:0.7222333870315552.
Epoch~10->loss:0.42574128286361695.
Epoch~5->loss:0.8031577086448669.
Epoch~10->loss:0.4650895987701416.
Epoch~5->loss:0.6911943385696411.
Epoch~10->loss:0.4189886317062378.
Epoch~5->loss:0.7299056887626648.
Epoch~10->loss:0.4192472114276886.
Epoch~5->loss:0.6600200232887268.
Epoch~10->loss:0.39618113466262816.
[zoopt] x: [62, 93, 135, 265, 2, 2, 4, 2]
[zoopt] value: 0.3887374530982971
time: 9341.119886817003
rand
Epoch~5->loss:1.0346376802444457.
Epoch~10->loss:0.5746586515426636.
Epoch~5->loss:0.6768512508010864.
Epoch~10->loss:0.41263569291114804.
Epoch~5->loss:0.7155503654289246.
Epoch~10->loss:0.41643136346817017.
Epoch~5->loss:1.0173457411003113.
Epoch~10->loss:0.5346820051765442.
Epoch~5->loss:1.0758430682754516.
Epoch~10->loss:0.6029522207450867.
Epoch~5->loss:0.685957767162323.
Epoch~10->loss:0.4028220861816406.
Epoch~5->loss:1.2138576510238648.
Epoch~10->loss:0.6973647910690307.
Epoch~5->loss:0.8361563816452027.
Epoch~10->loss:0.4710376906967163.
Epoch~5->loss:0.8328782935142517.
Epoch~10->loss:0.4632251066207886.
Epoch~5->loss:0.8827970538139344.
Epoch~10->loss:0.5095353989219665.
Epoch~5->loss:0.6842515549468994.
Epoch~10->loss:0.40501287980079653.
Epoch~5->loss:0.8189979061508179.
Epoch~10->loss:0.4537890225791931.
Epoch~5->loss:0.6670875143241882.
Epoch~10->loss:0.4060108776092529.
Epoch~5->loss:1.0960809241485596.
Epoch~10->loss:0.5971168020820617.
Epoch~5->loss:0.9286170910263062.
Epoch~10->loss:0.49464412382125855.
Epoch~5->loss:0.7493563523101807.
Epoch~10->loss:0.425915075969696.
Epoch~5->loss:0.6862016652107239.
Epoch~10->loss:0.41329074281692507.
Epoch~5->loss:0.8330415871047974.
Epoch~10->loss:0.4687795680427551.
Epoch~5->loss:0.8253861054229736.
Epoch~10->loss:0.46625257139205933.
Epoch~5->loss:0.8135125983810425.
Epoch~10->loss:0.46848319482803347.
Epoch~5->loss:0.943903133392334.
Epoch~10->loss:0.509958713130951.
Epoch~5->loss:0.9603848905181884.
Epoch~10->loss:0.5426689274978638.
Epoch~5->loss:0.8001131318092346.
Epoch~10->loss:0.4466814072227478.
Epoch~5->loss:0.76659256275177.
Epoch~10->loss:0.45246060779571534.
Epoch~5->loss:0.6829521934890747.
Epoch~10->loss:0.42029899194717407.
Epoch~5->loss:0.699993017616272.
Epoch~10->loss:0.4152808746814728.
Epoch~5->loss:0.951448159828186.
Epoch~10->loss:0.5083320553779602.
Epoch~5->loss:0.7651828339767456.
Epoch~10->loss:0.45409379877090456.
Epoch~5->loss:0.792594411277771.
Epoch~10->loss:0.4384809886646271.
Epoch~5->loss:0.9828692764282226.
Epoch~10->loss:0.5472622298240661.
time: 9476.227196901978
ga
Epoch~5->loss:0.8140939836502075.
Epoch~10->loss:0.4618966984367371.
Epoch~5->loss:1.1761389093017578.
Epoch~10->loss:0.6078614181423188.
Epoch~5->loss:0.9047489276885986.
Epoch~10->loss:0.4997084204864502.
Epoch~5->loss:0.8950446398925781.
Epoch~10->loss:0.48743616994857786.
Epoch~5->loss:0.8589109114646911.
Epoch~10->loss:0.4853139876747131.
Epoch~5->loss:0.8515882253837586.
Epoch~10->loss:0.48704618272781375.
Epoch~5->loss:1.1488564291381835.
Epoch~10->loss:0.6652801482963562.
Epoch~5->loss:0.7879148685836792.
Epoch~10->loss:0.4632023076248169.
Epoch~5->loss:1.185583108291626.
Epoch~10->loss:0.6557829636192322.
Epoch~5->loss:0.7873166519355774.
Epoch~10->loss:0.449658891620636.
Epoch~5->loss:0.8929858647537231.
Epoch~10->loss:0.4999466948890686.
Epoch~5->loss:0.7791533452224731.
Epoch~10->loss:0.46154115743637086.
Epoch~5->loss:0.8438466052818299.
Epoch~10->loss:0.47853082930564883.
Epoch~5->loss:0.8957211546707153.
Epoch~10->loss:0.48420912868499755.
Epoch~5->loss:0.8546519136047364.
Epoch~10->loss:0.48404187737464904.
Epoch~5->loss:0.8531438621520996.
Epoch~10->loss:0.4925227956867218.
Epoch~5->loss:0.7667315169906617.
Epoch~10->loss:0.45159378271102907.
Epoch~5->loss:1.0222186324691773.
Epoch~10->loss:0.555451900844574.
Epoch~5->loss:0.8750601284599304.
Epoch~10->loss:0.5167191934013367.
Epoch~5->loss:1.023066722831726.
Epoch~10->loss:0.5796876074314118.
Epoch~5->loss:1.103690096435547.
Epoch~10->loss:0.6753359227371216.
Epoch~5->loss:1.0417591682624816.
Epoch~10->loss:0.5590793407058716.
Epoch~5->loss:0.8825028438186645.
Epoch~10->loss:0.5129114555931091.
Epoch~5->loss:0.9329685933113098.
Epoch~10->loss:0.5343090234565735.
Epoch~5->loss:0.793213754234314.
Epoch~10->loss:0.4570207312583923.
Epoch~5->loss:1.3057788426208496.
Epoch~10->loss:0.7862210207366943.
Epoch~5->loss:0.79353400680542.
Epoch~10->loss:0.45824021100997925.
Epoch~5->loss:0.9292749579429627.
Epoch~10->loss:0.527093655834198.
Epoch~5->loss:1.0809348178863525.
Epoch~10->loss:0.5759649549674988.
time: 9098.512633968028
pso
Epoch~5->loss:0.6769425036239624.
Epoch~10->loss:0.4076719633102417.
Epoch~5->loss:1.1840206537055968.
Epoch~10->loss:0.7128997823524476.
Epoch~5->loss:0.8621295599746704.
Epoch~10->loss:0.49220857729911804.
Epoch~5->loss:1.0493338904571534.
Epoch~10->loss:0.5871542994880676.
Epoch~5->loss:0.9001958348464966.
Epoch~10->loss:0.49683911217689514.
Epoch~5->loss:1.0505661045646668.
Epoch~10->loss:0.5838672057247162.
Epoch~5->loss:0.7532400546646119.
Epoch~10->loss:0.43681096702575684.
Epoch~5->loss:1.0812712799453736.
Epoch~10->loss:0.6066497400760651.
Epoch~5->loss:0.9710737512207032.
Epoch~10->loss:0.5421545018577576.
Epoch~5->loss:1.278805290222168.
Epoch~10->loss:0.7948270515060425.
Epoch~5->loss:0.6226468531227112.
Epoch~10->loss:0.3868586812210083.
Epoch~5->loss:1.1702434230804444.
Epoch~10->loss:0.6282458911132812.
Epoch~5->loss:0.970171418132782.
Epoch~10->loss:0.5475778468894958.
Epoch~5->loss:0.8551361390304565.
Epoch~10->loss:0.4779410287284851.
Epoch~5->loss:0.708734803352356.
Epoch~10->loss:0.4198508162307739.
Epoch~5->loss:0.903718883342743.
Epoch~10->loss:0.5462223665618896.
Epoch~5->loss:0.8154137384414673.
Epoch~10->loss:0.45496376173973085.
Epoch~5->loss:0.9399505279541016.
Epoch~10->loss:0.5123342395019531.
Epoch~5->loss:0.6754987322044372.
Epoch~10->loss:0.41582430634498596.
Epoch~5->loss:0.7243955922031402.
Epoch~10->loss:0.4132585984802246.
Epoch~5->loss:0.9508527051925659.
Epoch~10->loss:0.5123281725215912.
Epoch~5->loss:0.688737764415741.
Epoch~10->loss:0.41521329900741577.
Epoch~5->loss:0.7325602468490601.
Epoch~10->loss:0.4304119606781006.
Epoch~5->loss:0.8620655287361145.
Epoch~10->loss:0.46236237951278686.
Epoch~5->loss:0.8303557250976562.
Epoch~10->loss:0.4400438953399658.
Epoch~5->loss:0.6395714046859742.
Epoch~10->loss:0.39363779885292055.
Epoch~5->loss:0.6681363733482361.
Epoch~10->loss:0.41279627125740054.
Epoch~5->loss:0.664640934715271.
Epoch~10->loss:0.3983147883892059.
Epoch~5->loss:0.8281178662300109.
Epoch~10->loss:0.46001388739585874.
Epoch~5->loss:0.737181128540039.
Epoch~10->loss:0.43253491799354554.
Epoch~5->loss:0.6906362049293518.
Epoch~10->loss:0.41265478076934814.
Epoch~5->loss:0.7703836762237549.
Epoch~10->loss:0.44740715891838073.
time: 9808.563122462016
cifar-100-python
Files already downloaded and verified
Files already downloaded and verified
bayes
|   iter    |  target   |    b1     |    b2     |    b3     |    b4     |    c1     |    c2     |    c3     |    c4     |
-------------------------------------------------------------------------------------------------------------------------
Epoch~5->loss:2.2061999895477293.
Epoch~10->loss:1.5460137855148315.
| [0m 1       [0m | [0m-1.546   [0m | [0m 2.166   [0m | [0m 3.752   [0m | [0m 4.332   [0m | [0m 3.478   [0m | [0m 56.65   [0m | [0m 106.7   [0m | [0m 154.9   [0m | [0m 353.0   [0m |
Epoch~5->loss:2.3419115534973143.
Epoch~10->loss:1.5422595221328734.
| [95m 2       [0m | [95m-1.542   [0m | [95m 2.258   [0m | [95m 2.682   [0m | [95m 6.714   [0m | [95m 2.81    [0m | [95m 39.06   [0m | [95m 118.0   [0m | [95m 216.0   [0m | [95m 417.5   [0m |
Epoch~5->loss:2.182767996826172.
Epoch~10->loss:1.5231708094024659.
| [95m 3       [0m | [95m-1.523   [0m | [95m 3.282   [0m | [95m 4.961   [0m | [95m 4.467   [0m | [95m 2.546   [0m | [95m 59.48   [0m | [95m 93.89   [0m | [95m 142.5   [0m | [95m 391.8   [0m |
Epoch~5->loss:2.237409305076599.
Epoch~10->loss:1.566446607170105.
| [0m 4       [0m | [0m-1.566   [0m | [0m 3.357   [0m | [0m 3.789   [0m | [0m 4.919   [0m | [0m 3.827   [0m | [0m 55.28   [0m | [0m 99.35   [0m | [0m 184.0   [0m | [0m 269.6   [0m |
Epoch~5->loss:2.650209055252075.
Epoch~10->loss:1.7374183642578125.
| [0m 5       [0m | [0m-1.737   [0m | [0m 3.248   [0m | [0m 4.502   [0m | [0m 3.826   [0m | [0m 3.683   [0m | [0m 32.67   [0m | [0m 93.15   [0m | [0m 136.0   [0m | [0m 297.0   [0m |
Epoch~5->loss:2.159433063392639.
Epoch~10->loss:1.5394880522155763.
| [0m 6       [0m | [0m-1.539   [0m | [0m 2.748   [0m | [0m 4.182   [0m | [0m 4.838   [0m | [0m 3.482   [0m | [0m 56.15   [0m | [0m 100.3   [0m | [0m 186.0   [0m | [0m 266.3   [0m |
Epoch~5->loss:2.2902905753326417.
Epoch~10->loss:1.588814121017456.
| [0m 7       [0m | [0m-1.589   [0m | [0m 2.0     [0m | [0m 4.99    [0m | [0m 4.336   [0m | [0m 2.0     [0m | [0m 63.09   [0m | [0m 108.1   [0m | [0m 202.0   [0m | [0m 256.0   [0m |
Epoch~5->loss:2.581250516357422.
Epoch~10->loss:1.6851392444610596.
| [0m 8       [0m | [0m-1.685   [0m | [0m 2.832   [0m | [0m 2.42    [0m | [0m 5.896   [0m | [0m 2.674   [0m | [0m 55.05   [0m | [0m 102.6   [0m | [0m 142.5   [0m | [0m 375.0   [0m |
Epoch~5->loss:2.360103279685974.
Epoch~10->loss:1.6028012377929688.
| [0m 9       [0m | [0m-1.603   [0m | [0m 2.734   [0m | [0m 2.064   [0m | [0m 6.251   [0m | [0m 2.552   [0m | [0m 60.45   [0m | [0m 93.76   [0m | [0m 142.7   [0m | [0m 400.8   [0m |
Epoch~5->loss:2.7586130537414553.
Epoch~10->loss:1.762923955001831.
| [0m 10      [0m | [0m-1.763   [0m | [0m 2.832   [0m | [0m 3.12    [0m | [0m 6.304   [0m | [0m 3.083   [0m | [0m 54.69   [0m | [0m 88.77   [0m | [0m 144.9   [0m | [0m 388.4   [0m |
Epoch~5->loss:2.5225115353393557.
Epoch~10->loss:1.6179939460754396.
| [0m 11      [0m | [0m-1.618   [0m | [0m 3.826   [0m | [0m 4.614   [0m | [0m 5.52    [0m | [0m 3.12    [0m | [0m 60.84   [0m | [0m 94.63   [0m | [0m 140.0   [0m | [0m 394.9   [0m |
Epoch~5->loss:2.5143696922302246.
Epoch~10->loss:1.652371575012207.
| [0m 12      [0m | [0m-1.652   [0m | [0m 3.068   [0m | [0m 3.933   [0m | [0m 4.093   [0m | [0m 3.846   [0m | [0m 57.45   [0m | [0m 103.1   [0m | [0m 186.8   [0m | [0m 262.8   [0m |
Epoch~5->loss:2.5736161598205567.
Epoch~10->loss:1.696925643348694.
| [0m 13      [0m | [0m-1.697   [0m | [0m 3.134   [0m | [0m 4.081   [0m | [0m 6.649   [0m | [0m 2.111   [0m | [0m 52.04   [0m | [0m 102.3   [0m | [0m 183.9   [0m | [0m 268.2   [0m |
Epoch~5->loss:2.4605649098205564.
Epoch~10->loss:1.6189818606948851.
| [0m 14      [0m | [0m-1.619   [0m | [0m 2.826   [0m | [0m 4.374   [0m | [0m 5.823   [0m | [0m 3.756   [0m | [0m 56.7    [0m | [0m 107.5   [0m | [0m 154.1   [0m | [0m 354.9   [0m |
Epoch~5->loss:2.3716396968078612.
Epoch~10->loss:1.5894285678100586.
| [0m 15      [0m | [0m-1.589   [0m | [0m 2.701   [0m | [0m 2.895   [0m | [0m 5.039   [0m | [0m 3.631   [0m | [0m 59.45   [0m | [0m 90.28   [0m | [0m 139.2   [0m | [0m 392.1   [0m |
Epoch~5->loss:2.4472731953811646.
Epoch~10->loss:1.604009594154358.
| [0m 16      [0m | [0m-1.604   [0m | [0m 2.104   [0m | [0m 2.485   [0m | [0m 5.181   [0m | [0m 3.619   [0m | [0m 60.56   [0m | [0m 88.0    [0m | [0m 138.0   [0m | [0m 390.8   [0m |
Epoch~5->loss:2.506372333183289.
Epoch~10->loss:1.6354962739181518.
| [0m 17      [0m | [0m-1.635   [0m | [0m 3.526   [0m | [0m 2.38    [0m | [0m 3.803   [0m | [0m 3.236   [0m | [0m 59.99   [0m | [0m 90.44   [0m | [0m 137.3   [0m | [0m 394.2   [0m |
Epoch~5->loss:2.1363609254837037.
Epoch~10->loss:1.4699962253952026.
| [95m 18      [0m | [95m-1.47    [0m | [95m 2.273   [0m | [95m 4.132   [0m | [95m 6.821   [0m | [95m 2.634   [0m | [95m 37.57   [0m | [95m 117.8   [0m | [95m 215.2   [0m | [95m 413.4   [0m |
Epoch~5->loss:2.043681661872864.
Epoch~10->loss:1.4567312797927856.
| [95m 19      [0m | [95m-1.457   [0m | [95m 2.194   [0m | [95m 2.618   [0m | [95m 4.382   [0m | [95m 2.678   [0m | [95m 37.75   [0m | [95m 115.6   [0m | [95m 212.3   [0m | [95m 408.9   [0m |
Epoch~5->loss:2.1069306943130495.
Epoch~10->loss:1.4738044646072388.
| [0m 20      [0m | [0m-1.474   [0m | [0m 3.295   [0m | [0m 3.473   [0m | [0m 2.547   [0m | [0m 2.062   [0m | [0m 38.99   [0m | [0m 116.9   [0m | [0m 212.5   [0m | [0m 409.3   [0m |
Epoch~5->loss:2.40727453994751.
Epoch~10->loss:1.57626862575531.
| [0m 21      [0m | [0m-1.576   [0m | [0m 3.106   [0m | [0m 4.365   [0m | [0m 4.449   [0m | [0m 2.071   [0m | [0m 39.71   [0m | [0m 116.5   [0m | [0m 216.7   [0m | [0m 411.7   [0m |
Epoch~5->loss:2.1531469124603273.
Epoch~10->loss:1.4762622789382935.
| [0m 22      [0m | [0m-1.476   [0m | [0m 3.714   [0m | [0m 4.191   [0m | [0m 3.272   [0m | [0m 3.491   [0m | [0m 33.77   [0m | [0m 119.4   [0m | [0m 209.5   [0m | [0m 408.9   [0m |
Epoch~5->loss:2.2629614839172363.
Epoch~10->loss:1.5489232639694215.
| [0m 23      [0m | [0m-1.549   [0m | [0m 2.178   [0m | [0m 3.137   [0m | [0m 5.704   [0m | [0m 2.653   [0m | [0m 36.64   [0m | [0m 118.6   [0m | [0m 210.8   [0m | [0m 411.9   [0m |
Epoch~5->loss:2.3511205168914793.
Epoch~10->loss:1.5568268431472778.
| [0m 24      [0m | [0m-1.557   [0m | [0m 3.322   [0m | [0m 2.274   [0m | [0m 3.86    [0m | [0m 3.169   [0m | [0m 37.8    [0m | [0m 115.1   [0m | [0m 203.4   [0m | [0m 409.7   [0m |
Epoch~5->loss:2.362715942611694.
Epoch~10->loss:1.587103658180237.
| [0m 25      [0m | [0m-1.587   [0m | [0m 3.538   [0m | [0m 2.155   [0m | [0m 3.741   [0m | [0m 3.41    [0m | [0m 36.44   [0m | [0m 116.7   [0m | [0m 212.1   [0m | [0m 416.5   [0m |
Epoch~5->loss:2.294391595840454.
Epoch~10->loss:1.559319889984131.
| [0m 26      [0m | [0m-1.559   [0m | [0m 2.618   [0m | [0m 2.6     [0m | [0m 3.838   [0m | [0m 2.972   [0m | [0m 35.76   [0m | [0m 112.0   [0m | [0m 214.5   [0m | [0m 403.2   [0m |
Epoch~5->loss:2.2602862915802002.
Epoch~10->loss:1.547841049232483.
| [0m 27      [0m | [0m-1.548   [0m | [0m 3.391   [0m | [0m 3.791   [0m | [0m 2.626   [0m | [0m 2.635   [0m | [0m 37.15   [0m | [0m 120.4   [0m | [0m 212.9   [0m | [0m 407.1   [0m |
Epoch~5->loss:2.619520872802734.
Epoch~10->loss:1.6483689974975586.
| [0m 28      [0m | [0m-1.648   [0m | [0m 3.509   [0m | [0m 3.09    [0m | [0m 3.009   [0m | [0m 3.571   [0m | [0m 39.7    [0m | [0m 121.3   [0m | [0m 210.7   [0m | [0m 410.5   [0m |
Epoch~5->loss:2.2441954508209228.
Epoch~10->loss:1.520041560897827.
| [0m 29      [0m | [0m-1.52    [0m | [0m 3.404   [0m | [0m 4.774   [0m | [0m 3.259   [0m | [0m 2.628   [0m | [0m 33.55   [0m | [0m 117.0   [0m | [0m 204.2   [0m | [0m 401.9   [0m |
Epoch~5->loss:2.3005146215057373.
Epoch~10->loss:1.5373664691543578.
| [0m 30      [0m | [0m-1.537   [0m | [0m 3.38    [0m | [0m 4.157   [0m | [0m 4.287   [0m | [0m 2.478   [0m | [0m 37.54   [0m | [0m 122.5   [0m | [0m 216.7   [0m | [0m 417.6   [0m |
=========================================================================================================================
time: 17372.18339382601
zoopt
Epoch~5->loss:2.672365785217285.
Epoch~10->loss:1.7569597164535522.
Epoch~5->loss:2.3940752812194823.
Epoch~10->loss:1.5996806874465943.
Epoch~5->loss:2.405541749572754.
Epoch~10->loss:1.5834454050064086.
Epoch~5->loss:2.546941980667114.
Epoch~10->loss:1.7242189742279053.
Epoch~5->loss:2.4926459119415285.
Epoch~10->loss:1.624342405014038.
Epoch~5->loss:2.2574050817108153.
Epoch~10->loss:1.5815175449752807.
Epoch~5->loss:2.3784508388519288.
Epoch~10->loss:1.578142402267456.
Epoch~5->loss:2.4078022244262693.
Epoch~10->loss:1.6525334497451782.
Epoch~5->loss:2.613945289993286.
Epoch~10->loss:1.710589348564148.
[zoopt] expected remaining running time: 03:41:06
Epoch~5->loss:2.2420527248382567.
Epoch~10->loss:1.5547333740615845.
Epoch~5->loss:2.5237352001190185.
Epoch~10->loss:1.6860788551712036.
Epoch~5->loss:2.3447681926727295.
Epoch~10->loss:1.6218563280105591.
Epoch~5->loss:2.48792583152771.
Epoch~10->loss:1.6379361585998535.
Epoch~5->loss:2.3863525675964357.
Epoch~10->loss:1.5790748853302001.
Epoch~5->loss:2.403056951904297.
Epoch~10->loss:1.6086496579360963.
Epoch~5->loss:2.3868453983306885.
Epoch~10->loss:1.6082392779159547.
Epoch~5->loss:2.508779556503296.
Epoch~10->loss:1.6575692575454712.
Epoch~5->loss:2.503175855331421.
Epoch~10->loss:1.6404231467819215.
Epoch~5->loss:2.487756869506836.
Epoch~10->loss:1.6383595751953124.
Epoch~5->loss:2.2541052839660645.
Epoch~10->loss:1.549505357131958.
Epoch~5->loss:2.417980583267212.
Epoch~10->loss:1.6024040442276002.
Epoch~5->loss:2.0876736743164064.
Epoch~10->loss:1.5102701175308229.
Epoch~5->loss:2.382891267929077.
Epoch~10->loss:1.5997553647994995.
Epoch~5->loss:2.503075989570618.
Epoch~10->loss:1.693766051712036.
Epoch~5->loss:2.297520475692749.
Epoch~10->loss:1.5661871430587768.
Epoch~5->loss:2.1372508679962157.
Epoch~10->loss:1.5091840864181518.
Epoch~5->loss:2.4729945266723634.
Epoch~10->loss:1.6199186136245727.
Epoch~5->loss:2.5302138412475585.
Epoch~10->loss:1.6441049143218993.
Epoch~5->loss:2.2181601066207888.
Epoch~10->loss:1.5263442908859253.
Epoch~5->loss:2.382429049606323.
Epoch~10->loss:1.593160188884735.
[zoopt] x: [44, 85, 137, 419, 3, 2, 3, 2]
[zoopt] value: 1.5091840864181518
time: 16430.114742604026
rand
Epoch~5->loss:2.46518666015625.
Epoch~10->loss:1.5956362558746338.
Epoch~5->loss:2.4006911209869384.
Epoch~10->loss:1.6599291272735597.
Epoch~5->loss:2.374653306350708.
Epoch~10->loss:1.6055872940444946.
Epoch~5->loss:2.2589754823303223.
Epoch~10->loss:1.552275377845764.
Epoch~5->loss:2.34774154296875.
Epoch~10->loss:1.5870763083648682.
Epoch~5->loss:2.4337843337249754.
Epoch~10->loss:1.6055016388320922.
Epoch~5->loss:2.479187247772217.
Epoch~10->loss:1.618450747833252.
Epoch~5->loss:2.2180948413848878.
Epoch~10->loss:1.5182515585708618.
Epoch~5->loss:2.4448170694732667.
Epoch~10->loss:1.6780734823608399.
Epoch~5->loss:2.161053441848755.
Epoch~10->loss:1.5593352729415892.
Epoch~5->loss:2.3343841645050047.
Epoch~10->loss:1.553673621788025.
Epoch~5->loss:2.538921541748047.
Epoch~10->loss:1.6447209393692017.
Epoch~5->loss:2.354483617553711.
Epoch~10->loss:1.5787904432678224.
Epoch~5->loss:2.209449087524414.
Epoch~10->loss:1.5480653774261475.
Epoch~5->loss:2.2612680053710936.
Epoch~10->loss:1.5155867017364502.
Epoch~5->loss:2.039797702331543.
Epoch~10->loss:1.4642507947158814.
Epoch~5->loss:2.394270333709717.
Epoch~10->loss:1.6163389539337158.
Epoch~5->loss:2.390863988571167.
Epoch~10->loss:1.5983827013778686.
Epoch~5->loss:2.2977773309326173.
Epoch~10->loss:1.59449708568573.
Epoch~5->loss:2.32303033203125.
Epoch~10->loss:1.5783293410491943.
Epoch~5->loss:2.4587148868560793.
Epoch~10->loss:1.6536025896072388.
Epoch~5->loss:2.3642493464660643.
Epoch~10->loss:1.5249446993637086.
Epoch~5->loss:2.5600540786743164.
Epoch~10->loss:1.6551293236923217.
Epoch~5->loss:2.4056457124328614.
Epoch~10->loss:1.6088444220352174.
Epoch~5->loss:2.607873160934448.
Epoch~10->loss:1.7005335424804688.
Epoch~5->loss:2.6696897509002686.
Epoch~10->loss:1.7323366580581665.
Epoch~5->loss:2.5289542047119142.
Epoch~10->loss:1.617252101097107.
Epoch~5->loss:2.70024981338501.
Epoch~10->loss:1.7993666263580321.
Epoch~5->loss:2.6936188384246824.
Epoch~10->loss:1.7527431687927246.
Epoch~5->loss:2.287671772193909.
Epoch~10->loss:1.5365279006195067.
time: 17481.447092875023
ga
Epoch~5->loss:2.4768889571380615.
Epoch~10->loss:1.6259063958740234.
Epoch~5->loss:2.4796577755737306.
Epoch~10->loss:1.6719070904922486.
Epoch~5->loss:2.546933051185608.
Epoch~10->loss:1.67955536277771.
Epoch~5->loss:2.2059573375701906.
Epoch~10->loss:1.5733910805892943.
Epoch~5->loss:2.1779069220733644.
Epoch~10->loss:1.5572429751205443.
Epoch~5->loss:2.1190899960327148.
Epoch~10->loss:1.5331487293243409.
Epoch~5->loss:2.2471502140808104.
Epoch~10->loss:1.5378349103927613.
Epoch~5->loss:2.4318217197418215.
Epoch~10->loss:1.6418175884628297.
Epoch~5->loss:2.35997171295166.
Epoch~10->loss:1.5971714626693725.
Epoch~5->loss:2.2701040270233155.
Epoch~10->loss:1.5862083183288573.
Epoch~5->loss:2.576017996520996.
Epoch~10->loss:1.6265607139205933.
Epoch~5->loss:2.4291089862823485.
Epoch~10->loss:1.6592489994049073.
Epoch~5->loss:2.2450772343826295.
Epoch~10->loss:1.5586051219558716.
Epoch~5->loss:2.2677215203094483.
Epoch~10->loss:1.5961360750961304.
Epoch~5->loss:2.3974986869049073.
Epoch~10->loss:1.5946098499298096.
Epoch~5->loss:2.3205870040130616.
Epoch~10->loss:1.602460915031433.
Epoch~5->loss:2.2484332329559327.
Epoch~10->loss:1.5515188711929322.
Epoch~5->loss:2.1848592057418825.
Epoch~10->loss:1.5430142824172974.
Epoch~5->loss:2.4097842635726927.
Epoch~10->loss:1.604813935470581.
Epoch~5->loss:2.095422467765808.
Epoch~10->loss:1.5208267745208741.
Epoch~5->loss:2.5273300662994385.
Epoch~10->loss:1.6787284936523437.
Epoch~5->loss:2.3451727199554444.
Epoch~10->loss:1.6130913671875.
Epoch~5->loss:2.3027847744750978.
Epoch~10->loss:1.5905667333984375.
Epoch~5->loss:2.357654931869507.
Epoch~10->loss:1.6096105350494385.
Epoch~5->loss:2.2839872576904297.
Epoch~10->loss:1.5852916512298585.
Epoch~5->loss:2.4225144647979735.
Epoch~10->loss:1.6365669367980957.
Epoch~5->loss:2.4795531662750245.
Epoch~10->loss:1.6464984398269653.
Epoch~5->loss:2.1467019009399415.
Epoch~10->loss:1.5435590484619142.
Epoch~5->loss:2.3263322576141356.
Epoch~10->loss:1.592149580116272.
time: 16523.704578773002
pso
Epoch~5->loss:2.557793571090698.
Epoch~10->loss:1.6431011628341674.
Epoch~5->loss:2.61517693611145.
Epoch~10->loss:1.6635923509216308.
Epoch~5->loss:2.4488959318542483.
Epoch~10->loss:1.6161542477798463.
Epoch~5->loss:2.4916586327362062.
Epoch~10->loss:1.642792109413147.
Epoch~5->loss:2.224495140914917.
Epoch~10->loss:1.594302068862915.
Epoch~5->loss:2.20919016002655.
Epoch~10->loss:1.5105108467483521.
Epoch~5->loss:2.514088106994629.
Epoch~10->loss:1.6531001606750488.
Epoch~5->loss:2.5446476361846924.
Epoch~10->loss:1.6864622542190553.
Epoch~5->loss:2.1309358177948.
Epoch~10->loss:1.5746105197143554.
Epoch~5->loss:2.4207446105957033.
Epoch~10->loss:1.6025069431304932.
Epoch~5->loss:2.6676190213775635.
Epoch~10->loss:1.7164295511245728.
Epoch~5->loss:2.599374525604248.
Epoch~10->loss:1.6922564413070678.
Epoch~5->loss:2.2939719776916503.
Epoch~10->loss:1.652874041595459.
Epoch~5->loss:2.1085354347229.
Epoch~10->loss:1.5034693575668334.
Epoch~5->loss:2.1915984607696535.
Epoch~10->loss:1.556124176750183.
Epoch~5->loss:2.553066502456665.
Epoch~10->loss:1.681754895439148.
Epoch~5->loss:2.29447899848938.
Epoch~10->loss:1.6589027489089965.
Epoch~5->loss:2.1445141021728515.
Epoch~10->loss:1.533338543701172.
Epoch~5->loss:2.1240582859802246.
Epoch~10->loss:1.5122307398605346.
Epoch~5->loss:2.487635565032959.
Epoch~10->loss:1.675287403793335.
Epoch~5->loss:2.4140384313964844.
Epoch~10->loss:1.6673240327072143.
Epoch~5->loss:2.305188565368652.
Epoch~10->loss:1.5780497472763062.
Epoch~5->loss:2.3906019747924803.
Epoch~10->loss:1.6061755339813233.
Epoch~5->loss:2.389323878173828.
Epoch~10->loss:1.659888867454529.
Epoch~5->loss:2.3001522092437745.
Epoch~10->loss:1.6108363885498047.
Epoch~5->loss:2.202701314086914.
Epoch~10->loss:1.538110686416626.
Epoch~5->loss:2.2352162635040282.
Epoch~10->loss:1.543777962913513.
Epoch~5->loss:2.4097646015167236.
Epoch~10->loss:1.5784928659057618.
Epoch~5->loss:2.2083894549560545.
Epoch~10->loss:1.5543698900985718.
Epoch~5->loss:2.3999527450942995.
Epoch~10->loss:1.6138292464447022.
Epoch~5->loss:2.3626493270874023.
Epoch~10->loss:1.5912045711898803.
Epoch~5->loss:2.458375926361084.
Epoch~10->loss:1.5891540111541749.
time: 13352.559529663005
MNIST
hb
<range_iterator object at 0x7f9f751b2390>
2
Epoch~5->loss:0.07513549593091011.
1
Epoch~5->loss:0.057934372816979884.
0
Epoch~5->loss:0.0668865027219057.
Epoch~5->loss:0.06286217904041211.
Epoch~5->loss:0.06804491738379001.
time: 2001.288804770913
SVHN
Using downloaded and verified file: data/SVHN/train_32x32.mat
Using downloaded and verified file: data/SVHN/test_32x32.mat
hb
<range_iterator object at 0x7f9f60307a50>
2
Epoch~5->loss:0.31214965140483353.
1
Epoch~5->loss:0.3296339927290253.
0
Epoch~5->loss:0.35255225886355673.
Epoch~5->loss:0.28957644119277604.
Epoch~5->loss:0.4654145668732625.
time: 4084.171843725955
cifar-10-batches-py
Files already downloaded and verified
Files already downloaded and verified
hb
<range_iterator object at 0x7f9f6c0a3cf0>
2
Epoch~5->loss:0.804558786869049.
1
Epoch~5->loss:0.8133657080459594.
0
Epoch~5->loss:0.6877799729156494.
Epoch~5->loss:0.6414749515533448.
Epoch~5->loss:0.8155479986572266.
time: 2737.37681728194
cifar-100-python
Files already downloaded and verified
Files already downloaded and verified
hb
<range_iterator object at 0x7f9f6030bf90>
2
Epoch~5->loss:2.420256672286987.
1
Epoch~5->loss:2.433591418685913.
0
Epoch~5->loss:2.290149591751099.
Epoch~5->loss:2.258369889450073.
Epoch~5->loss:2.1963007632446288.
time: 4410.196247697924
